procs -----------memory---------- ---swap-- -----io---- -system-- ------cpu-----
 r  b   swpd   free   buff  cache   si   so    bi    bo   in   cs us sy id wa st
 2  0      0 23614772 326252 4597600    0    0    57    22  385  494  9  4 87  0  0
 3  0      0 23115744 326256 4605652    0    0     0     0 11912 24897  5  5 90  0  0
 1  0      0 21858008 326264 4606200    0    0     0   316 22187 25725 10 10 80  0  0
 3  1      0 21654760 326504 4608580    0    0     0  1576 29787 98615  8 13 78  1  0
 3  0      0 21544156 328944 4610616    0    0     0 13568 39251 91755 11  8 76  5  0
 3  0      0 21438096 328944 4611164    0    0     0     0 37048 88146  5  8 87  0  0
 2  0      0 21250536 329016 4613716    0    0     0   372 25977 54952  1  7 92  0  0
17  0      0 20610796 329016 4622780    0    0   128  2832 30797 55848  9  7 84  0  0
 1  0      0 19902176 329016 4622780    0    0     0     0 36746 61354 17  4 79  0  0
 0  0      0 19849912 329016 4622784    0    0     0   156 28295 52049  5  3 92  0  0
 1  0      0 19896956 329016 4622788    0    0     0     0 19872 38236  1  0 99  0  0
 2  0      0 19826556 329024 4622788    0    0     0    96 27925 76297  9  4 87  0  0
 1  0      0 19834500 329024 4622788    0    0     0     0 21408 42880  7  0 93  0  0
 1  0      0 19827220 329048 4622788    0    0     0   144 21495 43299  7  0 93  0  0
 1  0      0 19829888 329048 4622788    0    0     0     0 20869 37257  7  0 93  0  0
 1  0      0 19812428 329048 4622788    0    0     0     0 20774 37304  7  0 93  0  0
 2  0      0 19801568 329048 4622788    0    0     0    64 21583 46712  7  0 93  0  0
 1  0      0 19786472 329048 4622788    0    0     0     0 20960 42815  7  0 93  0  0
 1  0      0 19779632 329056 4622788    0    0     0    80 21224 43092  7  0 93  0  0
 1  0      0 19773920 329056 4622788    0    0     0     0 20662 37096  7  0 93  0  0
 1  0      0 19765396 329056 4622788    0    0     0   372 20842 37259  7  0 93  0  0
procs -----------memory---------- ---swap-- -----io---- -system-- ------cpu-----
 r  b   swpd   free   buff  cache   si   so    bi    bo   in   cs us sy id wa st
 3  0      0 19752728 329056 4622788    0    0     0     0 21688 46741  7  0 93  0  0
 1  0      0 19745780 329056 4622788    0    0     0     0 21020 42693  7  0 93  0  0
 1  0      0 19729416 329080 4622752    0    0     0   344 21297 43131  7  0 93  0  0
 1  0      0 19721528 329080 4622780    0    0     0     0 20828 37156  7  0 93  0  0
 1  0      0 19715836 329080 4622780    0    0     0     8 20884 37186  7  0 93  0  0
 3  0      0 19705684 329080 4622780    0    0     0     0 21693 47690  7  0 93  0  0
 1  0      0 19700568 329080 4622780    0    0     0     0 21003 42004  6  0 93  0  0
 1  0      0 19720244 329080 4622780    0    0     0     0 44142 106203 13  6 81  0  0
 4  0      0 19724832 329088 4622780    0    0     0    60 49129 115573 14  6 80  0  0
 1  0      0 19737408 329088 4622780    0    0     0     0 49811 123389 14  7 79  0  0
 1  0      0 19732980 329088 4622780    0    0     0    20 49974 124705 14  7 79  0  0
 1  0      0 19734720 329088 4622780    0    0     0     0 49354 118358 14  6 79  0  0
 1  0      0 19730072 329088 4622780    0    0     0   464 49757 119053 14  6 80  0  0
 1  0      0 19737108 329096 4622780    0    0     0    92 49400 112573 14  7 79  0  0
 1  0      0 19736432 329096 4622780    0    0     0     0 49391 111949 15  6 78  0  0
 2  0      0 19734408 329096 4622780    0    0     0    12 50060 125136 14  7 79  0  0
20  0      0 19735672 329096 4622780    0    0     0     0 49720 121008 14  7 79  0  0
14  0      0 19736292 329096 4622780    0    0     0     0 49912 131698 15  7 78  0  0
 1  0      0 19728996 329096 4622784    0    0     0    60 47942 109747 14  5 81  0  0
 1  0      0 19728328 329104 4622784    0    0     0    16 48703 111313 14  5 81  0  0
 2  0      0 19719188 329104 4622784    0    0     0     0 50085 126438 15  6 79  0  0
procs -----------memory---------- ---swap-- -----io---- -system-- ------cpu-----
 r  b   swpd   free   buff  cache   si   so    bi    bo   in   cs us sy id wa st
 1  0      0 19722896 329104 4622784    0    0     0    12 49363 117886 15  6 79  0  0
 1  0      0 19724880 329104 4622788    0    0     0     0 49479 118108 15  6 79  0  0
 2  0      0 19723860 329104 4622788    0    0     0     0 48612 111621 14  5 81  0  0
 1  0      0 19724488 329112 4622780    0    0     0    24 48903 112349 14  6 80  0  0
 6  0      0 19722560 329112 4622788    0    0     0     0 49543 127889 15  6 79  0  0
 1  0      0 19724000 329112 4622788    0    0     0    12 50075 129561 15  7 78  0  0
16  0      0 19722308 329112 4622788    0    0     0     0 49475 118187 15  7 78  0  0
17  0      0 19722572 329112 4622788    0    0     0     0 48636 109872 15  6 79  0  0
13  0      0 19709384 329112 4622788    0    0     0     8 49364 113084 15  6 78  0  0
 2  0      0 19695292 329120 4622792    0    0     0    64 50115 122737 15  6 79  0  0
 1  0      0 19712092 329120 4622792    0    0     0     0 49891 119606 14  6 80  0  0
 1  0      0 19711212 329120 4622796    0    0     0     8 49476 117908 14  6 80  0  0
 1  0      0 19709648 329120 4622796    0    0     0     0 49077 112212 15  6 79  0  0
 4  0      0 19710696 329120 4622796    0    0     0     0 48801 113328 15  7 78  0  0
 3  0      0 19705456 329128 4622796    0    0     0    64 50231 128972 15  7 78  0  0
 1  0      0 19710368 329128 4622796    0    0     0     0 48873 116361 14  6 79  0  0
 7  0      0 19707940 329128 4622796    0    0     0    12 49442 117490 14  6 80  0  0
 2  0      0 19706296 329128 4622800    0    0     0     4 49313 113550 15  6 79  0  0
 1  0      0 19703512 329128 4622796    0    0     0     0 49273 113136 14  6 79  0  0
 2  0      0 19700788 329128 4622796    0    0     0     0 50694 126412 15  7 78  0  0
 2  0      0 19702696 329136 4622796    0    0     0    88 49230 115643 15  6 80  0  0
procs -----------memory---------- ---swap-- -----io---- -system-- ------cpu-----
 r  b   swpd   free   buff  cache   si   so    bi    bo   in   cs us sy id wa st
 1  1      0 19689032 329400 4622780    0    0     0  1608 53944 141410 16  6 77  0  0
16  0      0 19686192 331712 4622728    0    0     0 12988 54428 160607 14  8 74  4  0
12  0      0 19693972 331712 4622880    0    0     0     0 50511 131385 15  7 79  0  0
 2  0      0 19701524 331712 4622896    0    0     0     0 50966 129001 15  7 78  0  0
17  0      0 19704072 331712 4622896    0    0     0     0 50152 117259 15  7 78  0  0
 1  0      0 19706948 331712 4622896    0    0     0     0 49293 117112 14  6 80  0  0
 2  0      0 19703604 331712 4622896    0    0     0    36 48991 110878 15  6 80  0  0
 3  0      0 19709700 331720 4622896    0    0     0    64 48663 112942 14  6 81  0  0
 2  0      0 19705128 331720 4622896    0    0     0     0 50344 125189 15  7 79  0  0
 1  0      0 19680152 331720 4622896    0    0     0     0 49402 128164 14  7 79  0  0
 2  0      0 19680148 331720 4622896    0    0     0     0 49451 116593 15  7 78  0  0
 1  0      0 19687016 331720 4622896    0    0     0     0 48598 109806 16  7 78  0  0
 1  0      0 19688264 331728 4622892    0    0     0    64 49050 110529 15  7 78  0  0
 2  0      0 19683044 331728 4622916    0    0     0     0 50109 125270 15  7 78  0  0
 1  0      0 19683880 331728 4622916    0    0     0     0 49704 114880 15  7 78  0  0
 1  0      0 19686328 331728 4622916    0    0     0     0 49566 119402 15  6 79  0  0
16  0      0 19687032 331728 4622916    0    0     0    24 49106 111100 15  6 79  0  0
 1  0      0 19683988 331728 4622916    0    0     0     0 48289 109074 15  6 79  0  0
 5  0      0 19682476 331736 4622916    0    0     0    28 50035 129083 15  7 78  0  0
 1  0      0 19680452 331736 4622916    0    0     0     0 49084 120696 15  7 77  0  0
 1  0      0 19680488 331736 4622916    0    0     0     0 49562 119679 15  7 78  0  0
procs -----------memory---------- ---swap-- -----io---- -system-- ------cpu-----
 r  b   swpd   free   buff  cache   si   so    bi    bo   in   cs us sy id wa st
 1  0      0 19683972 331736 4622916    0    0     0    12 48967 112202 14  6 79  0  0
 1  0      0 19681804 331736 4622916    0    0     0     0 48573 111181 14  6 80  0  0
 2  0      0 19677480 331744 4622920    0    0     0    68 49972 126680 14  7 79  0  0
 3  0      0 19677312 331744 4622920    0    0     0     0 49258 115751 14  6 79  0  0
 2  0      0 19680020 331744 4622920    0    0     0     0 49611 117852 15  7 79  0  0
 1  0      0 19679088 331744 4622920    0    0     0     0 49254 112405 15  6 79  0  0
 1  0      0 19675976 331744 4622920    0    0     0    12 49878 126743 14  7 79  0  0
 2  0      0 19670728 331752 4622912    0    0     0    80 50194 127378 15  6 78  0  0
 1  0      0 19670740 331752 4622920    0    0     0     0 49306 115737 15  6 79  0  0
 1  0      0 19672140 331752 4622936    0    0     0     0 50002 120402 14  6 81  0  0
 1  0      0 19671424 331752 4622936    0    0     0     0 49454 112577 15  6 79  0  0
 1  0      0 19673552 331752 4622936    0    0     0    12 49119 111765 15  6 79  0  0
 3  0      0 19664396 331752 4622940    0    0     0     0 50393 130970 14  6 80  0  0
 4  0      0 19667660 331760 4622940    0    0     0    28 50497 125308 15  7 78  0  0
 1  0      0 19668624 331760 4622940    0    0     0     0 50259 124948 15  6 79  0  0
 1  0      0 19668664 331760 4622940    0    0     0     0 49001 109817 15  6 79  0  0
 2  0      0 19666620 331760 4622940    0    0     0     0 49631 113769 15  7 78  0  0
 2  0      0 19663208 331760 4622940    0    0     0     8 51118 129935 15  7 78  0  0
 1  0      0 19665640 331768 4622940    0    0     0    28 50058 117048 15  6 79  0  0
 1  0      0 19667356 331768 4622940    0    0     0     0 49981 119178 15  7 78  0  0
 6  0      0 19666352 331768 4622940    0    0     0     0 49533 117551 14  7 78  0  0
procs -----------memory---------- ---swap-- -----io---- -system-- ------cpu-----
 r  b   swpd   free   buff  cache   si   so    bi    bo   in   cs us sy id wa st
 2  0      0 19665888 331768 4622940    0    0     0     0 50069 121136 16  8 77  0  0
 2  0      0 19660976 331768 4622940    0    0     0     8 50385 126823 15  7 79  0  0
 3  0      0 19661628 331768 4622940    0    0     0     0 49462 116478 14  6 80  0  0
 2  0      0 19661508 331776 4622940    0    0     0    16 50297 119625 14  7 79  0  0
18  0      0 19662308 331776 4622940    0    0     0     0 49671 112539 15  6 79  0  0
 1  0      0 19659400 331776 4622940    0    0     0     0 49480 113800 14  6 79  0  0
 2  0      0 19653164 331776 4622940    0    0     0     0 50972 129869 14  7 79  0  0
 2  0      0 19656716 331776 4622940    0    0     0     8 50983 131166 14  7 79  0  0
17  0      0 19653920 331784 4622944    0    0     0    16 50951 122658 15  7 78  0  0
 1  0      0 19658548 331784 4622944    0    0     0     0 49379 112921 14  6 80  0  0
 1  0      0 19620736 331784 4622944    0    0     0     0 49233 111491 15  6 80  0  0
 2  0      0 19614796 331784 4622944    0    0     0     0 51097 130862 14  7 79  0  0
 1  0      0 19620928 331784 4622944    0    0     0    12 50062 116670 15  6 79  0  0
 4  0      0 19604592 331784 4622944    0    0     0     0 50669 127861 15  7 77  0  0
16  0      0 19607428 331792 4622944    0    0     0    28 49300 116873 14  6 79  0  0
16  0      0 19612548 331792 4622944    0    0     0     0 50244 114923 15  7 78  0  0
 2  0      0 19608600 331792 4622944    0    0     0     0 50685 130691 15  6 80  0  0
 3  0      0 19621268 331792 4622944    0    0     0     0 50075 118818 14  6 79  0  0
 1  1      0 19610508 332000 4622744    0    0     0  1284 51901 125867 15  6 78  0  0
 1  0      0 19603992 334360 4623028    0    0     0 13376 57031 163277 17  7 72  4  0
 6  0      0 19609436 334360 4623032    0    0     0     0 50720 137155 15  7 77  0  0
procs -----------memory---------- ---swap-- -----io---- -system-- ------cpu-----
 r  b   swpd   free   buff  cache   si   so    bi    bo   in   cs us sy id wa st
 3  0      0 19613268 334360 4623032    0    0     0     0 51520 141255 15  7 79  0  0
 1  0      0 19616592 334360 4623032    0    0     0     0 49706 115722 15  6 79  0  0
 1  0      0 19627160 334360 4623032    0    0     0     0 50235 118714 15  7 79  0  0
 1  0      0 19627652 334360 4623036    0    0     0    12 49326 111373 15  7 78  0  0
 2  0      0 19625964 334368 4623036    0    0     0    64 48998 111505 14  6 80  0  0
 2  0      0 19621764 334368 4623036    0    0     0     0 51282 130844 15  7 79  0  0
 6  0      0 19624744 334368 4623036    0    0     0     0 50080 119732 15  7 78  0  0
 1  0      0 19624692 334368 4623036    0    0     0     0 50279 129761 15  7 78  0  0
 2  0      0 19625192 334368 4623036    0    0     0     0 49492 112822 15  6 79  0  0
16  0      0 19623720 334376 4623036    0    0     0    64 49515 113767 15  6 79  0  0
 1  0      0 19618624 334376 4623036    0    0     0     0 50898 132168 15  7 78  0  0
 1  0      0 19619400 334376 4623036    0    0     0     0 50026 113460 15  7 78  0  0
18  0      0 19624276 334376 4623040    0    0     0    24 50286 122031 15  6 79  0  0
 5  0      0 19619272 334376 4623040    0    0     0     0 49864 121115 15  7 79  0  0
 1  0      0 19619456 334376 4623040    0    0     0     0 49934 119417 14  7 79  0  0
 2  0      0 19614288 334384 4623040    0    0     0    44 50718 129406 15  7 79  0  0
 6  0      0 19618804 334384 4623040    0    0     0     0 49310 112804 14  6 79  0  0
 2  0      0 19617856 334384 4623040    0    0     0     4 45877 96370 14  6 81  0  0
 1  0      0 19617732 334384 4623040    0    0     0     8 48324 109989 14  6 80  0  0
 1  0      0 19615124 334384 4623040    0    0     0     0 48270 108861 14  5 81  0  0
 3  0      0 19610860 334392 4623044    0    0     0    76 51027 129447 15  7 78  0  0
procs -----------memory---------- ---swap-- -----io---- -system-- ------cpu-----
 r  b   swpd   free   buff  cache   si   so    bi    bo   in   cs us sy id wa st
 1  0      0 19610352 334392 4623044    0    0     0     0 49341 112842 15  6 79  0  0
10  0      0 19611480 334392 4623044    0    0     0     0 51044 134056 15  8 77  0  0
 1  0      0 19611004 334392 4623044    0    0     0     8 49550 114488 15  7 78  0  0
17  0      0 19611096 334392 4623048    0    0     0     0 49769 112934 15  7 78  0  0
 1  0      0 19603644 334392 4623048    0    0     0    44 51062 132251 14  6 80  0  0
 2  0      0 19606412 334400 4623048    0    0     0    16 50134 114004 15  7 79  0  0
14  0      0 19605796 334400 4623048    0    0     0     0 50284 119965 15  7 78  0  0
 4  0      0 19607696 334400 4623048    0    0     0     0 49128 112845 15  7 79  0  0
 1  0      0 19606488 334400 4623048    0    0     0    12 50132 123546 15  8 77  0  0
17  0      0 19600556 334400 4623048    0    0     0     0 50504 130910 15  7 79  0  0
 3  0      0 19602400 334408 4623040    0    0     0    24 48386 109205 15  7 78  0  0
 1  0      0 19601668 334408 4623048    0    0     0     0 47945 111742 16  7 77  0  0
 1  0      0 19604364 334408 4623048    0    0     0     0 47447 105305 15  6 79  0  0
 2  0      0 19602140 334408 4623048    0    0     0     8 47053 105647 14  6 79  0  0
 4  0      0 19597024 334408 4623048    0    0     0     0 49084 123637 14  7 79  0  0
 2  0      0 19595552 334408 4623048    0    0     0     8 48715 112235 15  7 79  0  0
14  0      0 19598228 334416 4623048    0    0     0    16 49268 115638 14  6 79  0  0
 1  0      0 19597120 334416 4623048    0    0     0     0 47876 108199 14  6 80  0  0
 2  0      0 19595820 334416 4623048    0    0     0     0 47871 106145 14  6 80  0  0
 1  0      0 19590760 334416 4623048    0    0     0     8 49255 126442 14  7 79  0  0
 2  0      0 19591660 334416 4623048    0    0     0     0 48035 109149 14  6 81  0  0
procs -----------memory---------- ---swap-- -----io---- -system-- ------cpu-----
 r  b   swpd   free   buff  cache   si   so    bi    bo   in   cs us sy id wa st
 4  0      0 19592492 334424 4623048    0    0     0    16 48776 122335 14  7 78  0  0
 1  0      0 19591996 334424 4623048    0    0     0     0 48655 113768 15  6 79  0  0
 1  0      0 19590600 334424 4623048    0    0     0     0 48350 110608 14  6 80  0  0
 1  0      0 19583656 334424 4623048    0    0     0     8 49588 127628 14  6 81  0  0
 2  0      0 19582612 334432 4623052    0    0     0    56 48686 111539 14  6 80  0  0
 1  0      0 19585748 334432 4623056    0    0     0    20 49049 115940 14  6 81  0  0
 1  0      0 19587352 334432 4623056    0    0     0     0 47537 106898 14  6 80  0  0
 1  0      0 19584936 334432 4623056    0    0     0     0 47862 107755 14  6 79  0  0
13  0      0 19579076 334432 4623056    0    0     0     0 48986 127214 14  6 80  0  0
18  0      0 19582048 334436 4623056    0    0     0    20 48072 110305 15  6 79  0  0
 2  0      0 19582352 334444 4623056    0    0     0    44 48641 115236 15  7 79  0  0
12  0      0 19581108 334444 4623060    0    0     0     4 48129 111072 14  6 80  0  0
 4  0      0 19582580 334444 4623056    0    0     0     0 49196 122721 15  7 78  0  0
 1  0      0 19574440 334444 4623056    0    0     0     0 50135 131556 13  6 80  0  0
 9  0      0 19575108 334444 4623060    0    0     0    12 48546 112986 15  7 78  0  0
 1  1      0 19567628 334620 4622800    0    0     0  1100 49448 117817 15  6 79  0  0
 1  0      0 19566752 337028 4623032    0    0     0 13444 55527 154509 16  7 73  4  0
 2  0      0 19566340 337028 4623132    0    0     0     0 48481 121778 14  7 79  0  0
 1  0      0 19570372 337028 4623132    0    0     0     0 50685 135374 15  7 78  0  0
 2  0      0 19571140 337028 4623136    0    0     0     0 48233 110643 14  6 80  0  0
 1  0      0 19573240 337028 4623136    0    0     0    52 49159 114551 15  7 78  0  0
procs -----------memory---------- ---swap-- -----io---- -system-- ------cpu-----
 r  b   swpd   free   buff  cache   si   so    bi    bo   in   cs us sy id wa st
 1  1      0 19575824 337032 4623132    0    0     0    60 48628 110346 15  7 78  0  0
 1  0      0 19574480 337036 4623136    0    0     0     4 47277 106946 14  6 80  0  0
 1  0      0 19565752 337036 4623136    0    0     0     0 48911 125876 14  7 79  0  0
 2  0      0 19566768 337036 4623136    0    0     0     0 47458 109121 14  6 80  0  0
 1  0      0 19567964 337036 4623136    0    0     0     0 47980 112090 14  6 79  0  0
 2  0      0 19571588 337036 4623136    0    0     0     0 47558 107870 15  7 79  0  0
 1  0      0 19568856 337044 4623136    0    0     0    72 48348 120326 13  7 80  0  0
 1  0      0 19564076 337044 4623136    0    0     0     0 49788 129020 15  7 78  0  0
 2  0      0 19565248 337044 4623136    0    0     0     0 49261 113880 14  5 80  0  0
 1  0      0 19567136 337048 4623136    0    0     0    24 49886 116163 14  6 80  0  0
15  0      0 19567596 337048 4623136    0    0     0     0 47903 108551 13  5 81  0  0
 3  0      0 19565564 337056 4623136    0    0     0    40 47751 109087 14  6 80  0  0
 2  0      0 19576808 337056 4604640    0    0     0     0 47967 123943 14  6 81  0  0
 1  0      0 19578032 337056 4604640    0    0     0     0 47949 109870 15  6 79  0  0
 1  0      0 19579052 337056 4604640    0    0     0     4 47642 111535 14  6 81  0  0
16  0      0 19513980 337056 4604640    0    0     0     8 46606 106359 13  6 81  0  0
 1  0      0 19577984 337064 4604640    0    0     0   136 48118 108647 14  6 79  0  0
 1  0      0 19573300 337064 4604640    0    0     0     0 49535 127354 14  7 79  0  0
 2  0      0 19570584 337064 4604640    0    0     0     0 47819 112250 14  6 81  0  0
 1  0      0 19576804 337064 4604640    0    0     0     0 47082 108046 14  6 80  0  0
 1  0      0 19575000 337064 4604640    0    0     0     8 46393 103612 15  6 79  0  0
procs -----------memory---------- ---swap-- -----io---- -system-- ------cpu-----
 r  b   swpd   free   buff  cache   si   so    bi    bo   in   cs us sy id wa st
20  1      0 19575728 337068 4604636    0    0     0    12 47197 113420 14  7 79  0  0
 3  0      0 19539936 337072 4604640    0    0     0     4 48360 127781 15  7 78  0  0
 2  0      0 19544048 337072 4604640    0    0     0     0 47721 108681 15  6 79  0  0
17  0      0 19550440 337072 4604640    0    0     0     0 49373 113295 15  6 78  0  0
 1  0      0 19552408 337072 4604640    0    0     0     0 47990 109373 15  7 79  0  0
 6  0      0 19573904 337072 4604640    0    0     0     8 47740 109022 14  6 79  0  0
 2  0      0 19569352 337080 4604644    0    0     0    24 48398 125532 14  6 80  0  0
15  0      0 19569868 337080 4604644    0    0     0     0 47154 107338 15  6 79  0  0
16  0      0 19571268 337080 4604644    0    0     0     0 46554 107624 14  6 80  0  0
 1  0      0 19570568 337080 4604644    0    0     0     0 46859 106226 14  6 80  0  0
 2  0      0 19569852 337080 4604644    0    0     0    12 47513 105675 14  6 79  0  0
 1  0      0 19562932 337088 4604644    0    0     0    28 49674 128796 14  6 80  0  0
 2  0      0 19563372 337088 4604644    0    0     0     0 48063 111969 14  6 80  0  0
 1  0      0 19549060 337088 4612312    0    0     0     0 26147 51300  8  1 91  0  0
 1  0      0 19541376 337088 4623024    0    0     0     0 20781 36664  6  0 93  0  0
 1  0      0 19526412 337088 4633420    0    0     0     0 20921 36707  7  0 93  0  0
 1  0      0 19633456 337096 4633752    0    0     0  8316 21680 53249  7  1 93  0  0
 2  0      0 19642308 337096 4633752    0    0     0     0 20622 40731  7  0 93  0  0
 1  0      0 19639728 337096 4633752    0    0     0     0 20710 38635  6  0 93  0  0
 1  0      0 19630308 337096 4633752    0    0     0     0 20512 36728  7  0 93  0  0
 1  0      0 19624876 337096 4633752    0    0     0     0 20538 36770  7  0 93  0  0
procs -----------memory---------- ---swap-- -----io---- -system-- ------cpu-----
 r  b   swpd   free   buff  cache   si   so    bi    bo   in   cs us sy id wa st
 1  1      0 19623280 337100 4633748    0    0     0 20176 21735 51789  7  0 93  0  0
 2  0      0 19619360 337104 4633752    0    0     0     4 20811 40460  7  0 93  0  0
 1  0      0 19614428 337104 4633768    0    0     0     0 20750 38924  7  0 93  0  0
 1  0      0 19595496 337104 4633768    0    0     0     0 20466 36670  7  0 93  0  0
 1  0      0 19592160 337104 4633768    0    0     0     0 20358 36785  7  0 93  0  0
 1  0      0 19579016 337104 4633768    0    0     0     0 21640 51967  7  1 93  0  0
 2  0      0 19589792 337112 4633768    0    0     0    40 20511 40811  7  0 93  0  0
 1  0      0 19580792 337112 4633768    0    0     0     0 20803 38512  7  0 93  0  0
 1  0      0 19575716 337112 4633768    0    0     0     4 20322 36754  7  0 93  0  0
 1  0      0 19577400 337112 4633768    0    0     0     0 20334 36802  6  0 93  0  0
 1  0      0 19564212 337112 4633768    0    0     0     0 21867 52421  7  1 93  0  0
 2  0      0 19556628 337120 4633768    0    0     0    32 31236 76353 10  3 87  0  0
 2  0      0 19559828 337216 4633564    0    0     0   700 49359 116464 15  6 78  0  0
10  0      0 19562672 339696 4633708    0    0     0 13848 55382 152709 16  7 72  4  0
 2  0      0 19566204 339696 4633828    0    0     0     0 48507 114999 15  6 79  0  0
 1  0      0 19562460 339696 4633828    0    0     0     0 51253 141960 15  7 78  0  0
 2  0      0 19563520 339696 4633828    0    0     0    44 48519 115264 14  6 80  0  0
 1  0      0 19565488 339696 4633828    0    0     0     0 49238 113554 14  6 80  0  0
 4  0      0 19578228 339696 4633828    0    0     0     0 49345 120705 14  7 79  0  0
11  0      0 19579392 339704 4633828    0    0     0    64 48852 112986 15  6 79  0  0
 8  0      0 19577948 339704 4633828    0    0     0     0 49910 129024 15  7 79  0  0
procs -----------memory---------- ---swap-- -----io---- -system-- ------cpu-----
 r  b   swpd   free   buff  cache   si   so    bi    bo   in   cs us sy id wa st
 2  0      0 19577420 339704 4633828    0    0     0     0 48119 112503 14  6 80  0  0
 2  0      0 19578504 339704 4633828    0    0     0     0 47713 110065 14  6 81  0  0
 1  0      0 19579288 339704 4633828    0    0     0     0 47185 107733 14  5 81  0  0
18  0      0 19578096 339712 4633828    0    0     0    72 46804 107107 13  5 82  0  0
 2  0      0 19572108 339712 4633828    0    0     0     0 49637 127071 15  7 79  0  0
 2  0      0 19572064 339712 4633828    0    0     0    20 49077 115365 14  6 79  0  0
17  0      0 19572888 339712 4633828    0    0     0     0 48464 110737 14  6 81  0  0
 1  0      0 19573428 339712 4633832    0    0     0     0 48395 110109 14  7 79  0  0
 4  0      0 19572596 339712 4633832    0    0     0     0 48860 119989 15  7 78  0  0
 8  0      0 19566236 339720 4633832    0    0     0    28 49362 128954 14  6 80  0  0
 2  0      0 19566364 339720 4633832    0    0     0    12 48430 113536 15  7 78  0  0
 1  0      0 19571168 339720 4633836    0    0     0     4 47570 106892 15  7 78  0  0
17  0      0 19571348 339720 4633836    0    0     0     0 48486 108222 14  7 79  0  0
 1  0      0 19569852 339720 4633836    0    0     0     0 48334 108093 14  6 79  0  0
 1  0      0 19562664 339728 4633828    0    0     0    72 50034 127300 15  7 78  0  0
 2  0      0 19559560 339728 4633836    0    0     0     0 48810 115335 15  6 79  0  0
 1  0      0 19563060 339728 4633840    0    0     0    12 48435 109712 15  7 79  0  0
 1  0      0 19566516 339728 4633840    0    0     0     0 47531 106767 14  6 80  0  0
 1  0      0 19566976 339728 4633840    0    0     0     0 47184 107002 14  6 81  0  0
 1  0      0 19555956 339728 4633840    0    0     0    44 48497 123287 15  6 79  0  0
 4  0      0 19556304 339736 4633840    0    0     0    28 48128 115318 14  7 79  0  0
procs -----------memory---------- ---swap-- -----io---- -system-- ------cpu-----
 r  b   swpd   free   buff  cache   si   so    bi    bo   in   cs us sy id wa st
 1  0      0 19558980 339736 4633840    0    0     0    12 48716 118492 14  7 79  0  0
 1  0      0 19561216 339736 4633840    0    0     0     0 47978 108979 14  6 80  0  0
 2  0      0 19561180 339736 4633840    0    0     0     0 47688 108133 14  6 80  0  0
12  0      0 19550288 339736 4633840    0    0     0     0 49009 127005 14  6 80  0  0
 4  0      0 19550296 339744 4633832    0    0     0    36 48102 113512 14  6 80  0  0
 1  0      0 19554480 339744 4633840    0    0     0     0 47427 106044 14  6 80  0  0
 1  0      0 19554596 339744 4633840    0    0     0     8 47261 106728 13  5 81  0  0
 1  0      0 19554672 339760 4633840    0    0     0    92 47149 105116 14  6 80  0  0
16  0      0 19550756 339760 4633836    0    0     0     0 48841 125910 14  6 80  0  0
 1  0      0 19549472 339760 4633836    0    0     0    52 47999 115547 15  6 80  0  0
 1  0      0 19552108 339760 4633836    0    0     0     0 47708 108979 15  6 80  0  0
 1  0      0 19551208 339760 4633836    0    0     0     8 47986 107592 15  7 79  0  0
 4  0      0 19552340 339768 4633836    0    0     0    16 48124 109144 14  6 79  0  0
 1  0      0 19546272 339768 4633836    0    0     0     0 49447 136926 15  8 78  0  0
 1  0      0 19545536 339768 4633836    0    0     0     0 48114 114477 15  6 79  0  0
 1  0      0 19546820 339768 4633836    0    0     0     0 48025 108812 15  7 79  0  0
 1  0      0 19545732 339768 4633836    0    0     0     0 47187 105547 15  6 79  0  0
 1  0      0 19547856 339768 4633836    0    0     0     8 47414 106238 15  7 78  0  0
 1  0      0 19542048 339776 4633836    0    0     0    16 49069 126137 14  6 80  0  0
 3  0      0 19539776 339776 4633836    0    0     0     0 48893 117007 15  7 78  0  0
 3  0      0 19539488 339776 4633848    0    0     0     0 48710 109722 15  7 78  0  0
procs -----------memory---------- ---swap-- -----io---- -system-- ------cpu-----
 r  b   swpd   free   buff  cache   si   so    bi    bo   in   cs us sy id wa st
 1  0      0 19537064 339776 4633848    0    0     0     0 48324 109678 15  6 79  0  0
 1  0      0 19544824 339776 4633848    0    0     0     8 47498 106014 14  6 79  0  0
 1  0      0 19536752 339784 4633840    0    0     0    32 48482 124099 14  6 80  0  0
 1  0      0 19535704 339784 4633848    0    0     0     0 47311 113229 14  6 80  0  0
 1  0      0 19538028 339784 4633848    0    0     0    28 47096 104213 14  6 80  0  0
 2  0      0 19536244 339784 4633848    0    0     0     4 46982 106812 14  5 81  0  0
20  0      0 19536144 339784 4633848    0    0     0     0 48242 116359 14  6 80  0  0
 3  0      0 19528816 339784 4633852    0    0     0    24 50422 140050 14  7 79  0  0
 1  0      0 19522620 339824 4635808    0    0     0   264 49328 117991 14  6 79  0  0
 7  1      0 19516080 339920 4633952    0    0     0   684 49431 112906 14  6 80  0  0
 1  0      0 19510908 342416 4633288    0    0     0 14100 56000 161982 16  7 73  4  0
 3  0      0 19513588 342416 4633920    0    0     0     0 47878 115207 14  6 80  0  0
 1  0      0 19506440 342416 4633692    0    0     0     0 50508 141376 15  7 79  0  0
 3  0      0 19524444 342416 4633920    0    0     0    72 47991 113840 14  6 80  0  0
 1  0      0 19526752 342416 4633920    0    0     0     0 48236 110695 14  5 81  0  0
 1  0      0 19526660 342416 4633920    0    0     0     0 49350 112542 15  6 79  0  0
17  0      0 19525780 342424 4633920    0    0     0    72 49350 111437 14  6 79  0  0
 1  0      0 19522500 342424 4633920    0    0     0     0 50754 145618 14  8 78  0  0
 1  0      0 19523020 342424 4633924    0    0     0     0 49723 117658 15  6 79  0  0
 1  0      0 19524492 342448 4633924    0    0     0   144 49563 114334 14  6 80  0  0
 1  0      0 19525360 342448 4633924    0    0     0     0 49136 112511 15  7 79  0  0
procs -----------memory---------- ---swap-- -----io---- -system-- ------cpu-----
 r  b   swpd   free   buff  cache   si   so    bi    bo   in   cs us sy id wa st
16  0      0 19525440 342448 4633924    0    0     0    28 49377 111661 14  6 79  0  0
16  0      0 19520372 342448 4633924    0    0     0    60 50090 130363 14  6 80  0  0
 1  0      0 19515620 342448 4633924    0    0     0     0 50060 120091 15  7 79  0  0
20  0      0 19520344 342456 4633924    0    0     0    96 50302 127354 15  7 78  0  0
 2  0      0 19520552 342456 4633928    0    0     0     0 49611 113592 15  7 78  0  0
 2  0      0 19521852 342456 4633928    0    0     0     0 46539 92492 15  6 79  0  0
 1  0      0 19512468 342456 4633928    0    0     0     8 51557 133749 16  7 77  0  0
 1  0      0 19515652 342456 4633928    0    0     0     0 49798 118882 15  7 78  0  0
 1  0      0 19514892 342480 4633940    0    0     0   212 49080 111510 14  6 80  0  0
 1  0      0 19514792 342480 4633916    0    0     0     0 48993 113446 14  6 80  0  0
 4  0      0 19514900 342480 4633916    0    0     0     0 49977 121558 15  8 78  0  0
 1  0      0 19510668 342480 4633916    0    0     0     0 51929 140731 15  8 77  0  0
 5  0      0 19508964 342480 4633916    0    0     0     8 50352 120844 15  6 79  0  0
 2  0      0 19512016 342488 4633908    0    0     0    60 49148 113612 15  7 79  0  0
 1  0      0 19509404 342488 4633916    0    0     0     0 49168 114006 14  7 80  0  0
 1  0      0 19509252 342488 4633916    0    0     0     0 49383 113605 15  6 79  0  0
 2  0      0 19505316 342488 4633916    0    0     0     0 50933 132522 15  7 79  0  0
 1  0      0 19502620 342488 4633916    0    0     0     8 50424 133631 15  7 79  0  0
 1  0      0 19504348 342488 4633916    0    0     0    44 50031 113475 15  7 78  0  0
 1  0      0 19504488 342496 4633916    0    0     0    16 49321 113630 15  7 79  0  0
 1  0      0 19505408 342496 4633916    0    0     0     0 49112 113119 14  7 79  0  0
procs -----------memory---------- ---swap-- -----io---- -system-- ------cpu-----
 r  b   swpd   free   buff  cache   si   so    bi    bo   in   cs us sy id wa st
 1  0      0 19498428 342496 4633916    0    0     0     0 50419 129076 15  6 79  0  0
 6  0      0 19498968 342496 4633916    0    0     0     0 49507 118074 14  7 79  0  0
 1  0      0 19503064 342496 4633920    0    0     0    12 49448 113320 15  6 79  0  0
 2  0      0 19502516 342504 4633920    0    0     0    28 49999 125505 15  8 77  0  0
 3  0      0 19500252 342504 4633920    0    0     0     0 49406 113067 14  6 79  0  0
 1  0      0 19491636 342504 4633920    0    0     0     0 50667 131862 14  7 79  0  0
 1  0      0 19491652 342504 4633920    0    0     0     0 50415 119600 15  6 79  0  0
 4  0      0 19486356 342504 4637072    0    0     0     8 52479 123579 16  7 76  0  0
 1  1      0 19474228 344224 4639408    0    0     0  9756 58066 155506 18  7 72  3  0
 1  0      0 19478516 345072 4640228    0    0     0  4908 51771 118399 15  6 77  2  0
 1  0      0 19479700 345072 4637320    0    0     0     0 52911 149307 16  8 76  0  0
 1  0      0 19487200 345072 4634024    0    0     0     0 51024 125235 15  6 79  0  0
 1  0      0 19485656 345072 4639048    0    0     0     0 51919 132207 15  6 78  0  0
 8  0      0 19484660 345072 4639272    0    0     0    20 50242 116702 14  7 79  0  0
 1  0      0 19488360 345080 4637448    0    0     0    68 49654 112184 15  7 78  0  0
 1  0      0 19480408 345080 4634028    0    0     0     0 51095 131478 15  7 78  0  0
 4  0      0 19484880 345080 4634028    0    0     0     0 50242 122032 15  7 78  0  0
 1  0      0 19485712 345080 4634028    0    0     0     0 50384 125451 15  7 78  0  0
 1  0      0 19487924 345080 4634028    0    0     0     0 49720 115325 14  6 80  0  0
 1  0      0 19487084 345080 4634032    0    0     0    52 49371 112781 14  7 78  0  0
 2  0      0 19483040 345088 4634032    0    0     0    16 50868 133229 14  7 79  0  0
procs -----------memory---------- ---swap-- -----io---- -system-- ------cpu-----
 r  b   swpd   free   buff  cache   si   so    bi    bo   in   cs us sy id wa st
 4  0      0 19479848 345088 4634032    0    0     0     0 50323 120094 15  7 78  0  0
14  0      0 19481916 345088 4634032    0    0     0     0 49668 111534 15  6 78  0  0
 4  0      0 19481420 345088 4634028    0    0     0    20 49299 123637 14  7 79  0  0
 4  0      0 19481004 345088 4634032    0    0     0     0 49058 110957 14  6 80  0  0
 1  0      0 19476132 345096 4634032    0    0     0    48 50138 131431 14  6 80  0  0
 1  0      0 19475888 345096 4634032    0    0     0     0 49646 118175 15  6 79  0  0
 2  1      0 19476656 345120 4634068    0    0     0   228 49259 113674 14  6 81  0  0
 3  0      0 19458820 347680 4633832    0    0     0 14348 55337 146604 15  7 73  4  0
 1  0      0 19463940 347680 4634096    0    0     0     0 49820 114631 15  7 79  0  0
 4  0      0 19458128 347680 4634096    0    0     0    48 52703 158747 14  8 78  0  0
 1  0      0 19462032 347680 4634096    0    0     0     0 50079 123950 15  7 78  0  0
 1  0      0 19464428 347680 4634096    0    0     0     0 48913 110443 14  6 80  0  0
 2  0      0 19465392 347680 4634096    0    0     0     0 48608 110197 15  6 79  0  0
 8  0      0 19467600 347688 4634096    0    0     0    68 49296 112828 15  6 79  0  0
 1  0      0 19462812 347688 4634096    0    0     0     0 50440 130059 14  7 79  0  0
16  0      0 19460484 347688 4634096    0    0     0     0 49931 119102 16  7 77  0  0
 1  0      0 19466668 347688 4634096    0    0     0     0 48906 112334 15  6 79  0  0
 5  0      0 19462988 347688 4634096    0    0     0     0 48795 122145 15  7 78  0  0
 1  0      0 19464788 347696 4634088    0    0     0    68 47883 111644 14  6 79  0  0
 2  0      0 19454592 347696 4634100    0    0     0     0 49925 127921 15  7 78  0  0
 1  0      0 19456048 347696 4634100    0    0     0     0 49321 116506 15  6 78  0  0
procs -----------memory---------- ---swap-- -----io---- -system-- ------cpu-----
 r  b   swpd   free   buff  cache   si   so    bi    bo   in   cs us sy id wa st
 1  0      0 19458908 347696 4634100    0    0     0     0 48852 111643 14  6 81  0  0
 1  0      0 19460168 347696 4634100    0    0     0    24 49144 112871 15  6 79  0  0
17  0      0 19461664 347696 4634100    0    0     0     0 49214 111666 15  7 78  0  0
 3  0      0 19452500 347704 4634100    0    0     0    36 50067 129330 14  6 80  0  0
 8  0      0 19451972 347704 4634100    0    0     0     0 49226 118855 14  7 79  0  0
17  0      0 19453996 347704 4634100    0    0     0     0 48380 118542 14  6 80  0  0
 1  0      0 19456420 347704 4634100    0    0     0     4 49021 112844 15  6 79  0  0
 1  0      0 19455492 347704 4634100    0    0     0     8 48774 110794 15  6 79  0  0
 1  0      0 19446340 347712 4634100    0    0     0    72 50425 133467 15  6 79  0  0
16  0      0 19448236 347712 4634100    0    0     0     0 49220 117168 14  6 80  0  0
 1  0      0 19449812 347712 4634100    0    0     0     0 48583 111281 14  5 80  0  0
 1  0      0 19451812 347712 4634104    0    0     0     0 48426 111756 13  6 81  0  0
 1  0      0 19449740 347712 4634104    0    0     0    12 48523 109834 14  7 79  0  0
 7  0      0 19441808 347712 4634104    0    0     0    40 49755 135631 15  8 78  0  0
 1  0      0 19440724 347720 4634104    0    0     0    28 48599 118464 14  6 80  0  0
 2  0      0 19444584 347720 4634104    0    0     0     0 47957 109419 14  6 80  0  0
 1  0      0 19445348 347720 4634104    0    0     0     0 48451 109708 14  7 79  0  0
 1  0      0 19443048 347720 4634104    0    0     0     0 49287 112739 15  6 79  0  0
 4  0      0 19440464 347720 4634104    0    0     0     8 49771 123050 15  7 78  0  0
 1  0      0 19440852 347728 4634096    0    0     0    28 49646 122727 15  7 78  0  0
 2  0      0 19440616 347728 4634108    0    0     0     0 48470 109582 14  7 79  0  0
procs -----------memory---------- ---swap-- -----io---- -system-- ------cpu-----
 r  b   swpd   free   buff  cache   si   so    bi    bo   in   cs us sy id wa st
 1  0      0 19442900 347728 4634108    0    0     0     0 48194 110301 14  6 79  0  0
 1  0      0 19441500 347728 4634108    0    0     0     0 49010 112951 15  7 78  0  0
 4  0      0 19291580 347728 4634108    0    0     0    12 48056 123805 14  7 79  0  0
 2  0      0 19297628 347728 4634108    0    0     0     0 50556 132187 15  7 78  0  0
 1  0      0 19373372 347736 4634108    0    0     0    28 48750 110671 15  6 79  0  0
 1  0      0 19436320 347736 4634108    0    0     0     0 48417 109449 15  6 79  0  0
16  0      0 19436892 347736 4634108    0    0     0     0 48112 109324 14  5 81  0  0
 2  0      0 19431584 347736 4634108    0    0     0     0 49251 121005 14  7 79  0  0
14  0      0 19428924 347736 4634108    0    0     0     8 48872 121268 13  6 80  0  0
 5  0      0 19430616 347744 4634108    0    0     0    28 48270 109440 14  7 79  0  0
 1  0      0 19429892 347744 4634108    0    0     0     0 48588 110246 14  6 79  0  0
 4  0      0 19431756 347744 4634108    0    0     0     0 51718 133832 16  7 77  0  0
 1  0      0 19434424 347744 4634108    0    0     0     0 50435 126792 15  7 78  0  0
 1  0      0 19434516 347744 4634108    0    0     0     8 49330 121684 14  6 80  0  0
16  0      0 19435516 347744 4634112    0    0     0     0 48783 109016 15  6 78  0  0
 1  0      0 19361364 347752 4634112    0    0     0    16 46780 106760 14  6 80  0  0
 1  0      0 19366812 347752 4634112    0    0     0     0 48201 109778 14  6 80  0  0
 1  0      0 19368896 347752 4634112    0    0     0     0 49491 121491 14  6 80  0  0
 5  0      0 19424012 347752 4634112    0    0     0    12 49516 122461 14  6 79  0  0
17  0      0 19428224 347752 4634112    0    0     0     0 48392 110284 14  6 81  0  0
 4  0      0 19427704 347760 4634112    0    0     0    52 48765 112480 14  6 80  0  0
procs -----------memory---------- ---swap-- -----io---- -system-- ------cpu-----
 r  b   swpd   free   buff  cache   si   so    bi    bo   in   cs us sy id wa st
16  0      0 19429380 347760 4634112    0    0     0     0 49792 122932 14  7 79  0  0
 1  0      0 19424708 347760 4634112    0    0     0     0 50384 124394 15  7 78  0  0
 1  0      0 19425144 347760 4634112    0    0     0     0 50038 123912 15  6 79  0  0
10  0      0 19426368 347760 4634112    0    0     0    12 48916 110503 15  7 78  0  0
 9  0      0 19404460 350344 4633716    0    0     0 14532 54542 149030 15  7 73  4  0
 2  0      0 19414464 350344 4634184    0    0     0     0 48464 109968 14  6 80  0  0
 2  0      0 19407756 350344 4634184    0    0     0     0 51687 145315 15  8 78  0  0
 3  0      0 19413152 350344 4634184    0    0     0     0 50084 123676 15  7 78  0  0
 1  0      0 19414596 350344 4634184    0    0     0     0 49349 124028 15  7 78  0  0
 1  0      0 19414068 350344 4634184    0    0     0    48 48519 110206 14  6 80  0  0
 3  0      0 19416084 350352 4634184    0    0     0    56 48945 110359 16  7 78  0  0
 1  0      0 19413108 350352 4634184    0    0     0     0 49556 123053 15  7 79  0  0
 4  0      0 19409868 350352 4634184    0    0     0     0 50251 123596 15  7 78  0  0
 1  0      0 19412616 350352 4634188    0    0     0     0 48569 111310 15  6 80  0  0
 1  0      0 19414424 350352 4634188    0    0     0     0 48832 112341 14  6 80  0  0
 3  0      0 19412540 350360 4634184    0    0     0    60 48530 110309 14  6 79  0  0
 1  0      0 19405892 350360 4634552    0    0     0     0 47761 117917 14  6 80  0  0
 1  0      0 19390324 350360 4644284    0    0     0     0 22540 47665  7  0 93  0  0
 1  0      0 19384204 350360 4654872    0    0     0  8212 21037 36884  7  0 93  0  0
 1  0      0 19476800 350360 4663628    0    0     0     0 21025 37035  7  0 93  0  0
 1  0      0 19480500 350360 4663628    0    0     0     0 20175 36723  7  0 93  0  0
procs -----------memory---------- ---swap-- -----io---- -system-- ------cpu-----
 r  b   swpd   free   buff  cache   si   so    bi    bo   in   cs us sy id wa st
 1  0      0 19479780 350368 4663628    0    0     0    56 20899 46708  7  0 93  0  0
 2  0      0 19481444 350368 4663632    0    0     0     0 21260 47342  7  0 93  0  0
 1  0      0 19481296 350368 4663632    0    0     0 20448 21161 36721  7  0 93  1  0
 1  0      0 19477352 350368 4663632    0    0     0     4 20612 36791  7  0 93  0  0
 1  0      0 19471484 350368 4663632    0    0     0     0 20285 36774  7  0 93  0  0
 1  0      0 19463104 350376 4663624    0    0     0    96 21093 46727  7  0 93  0  0
 1  0      0 19455128 350376 4663632    0    0     0     0 21362 46910  7  0 93  0  0
 1  0      0 19457288 350376 4663632    0    0     0     0 20499 36750  6  0 93  0  0
 1  0      0 19451332 350376 4663632    0    0     0     0 20452 36730  7  0 93  0  0
 2  0      0 19447448 350376 4663636    0    0     0     0 20456 36717  6  0 93  0  0
 1  0      0 19435824 350376 4663636    0    0     0    56 21119 46719  7  0 93  0  0
 1  0      0 19433064 350384 4663636    0    0     0    16 21560 47347  7  0 93  0  0
 1  0      0 19432536 350384 4663636    0    0     0     0 20494 36826  7  0 93  0  0
 1  0      0 19425132 350384 4663636    0    0     0     0 20363 36755  6  0 93  0  0
 1  0      0 19417232 350384 4663636    0    0     0     0 20483 36730  7  0 93  0  0
 1  0      0 19406940 350384 4663636    0    0     0     0 38295 99436 11  4 84  0  0
 1  0      0 19410644 350392 4663636    0    0     0    16 50408 124527 15  7 79  0  0
 1  0      0 19428396 350392 4663636    0    0     0     0 49376 113465 14  7 79  0  0
 1  0      0 19428048 350392 4663636    0    0     0     0 49964 124597 15  8 77  0  0
 1  0      0 19427692 350392 4663636    0    0     0     0 49273 113237 14  6 79  0  0
 7  0      0 19420180 350392 4663636    0    0     0     0 50636 127856 14  6 80  0  0
procs -----------memory---------- ---swap-- -----io---- -system-- ------cpu-----
 r  b   swpd   free   buff  cache   si   so    bi    bo   in   cs us sy id wa st
 1  1      0 19420952 350396 4663632    0    0     0    12 50695 125459 14  7 79  0  0
 1  0      0 19426024 350400 4663636    0    0     0     4 49707 115124 14  7 79  0  0
 1  0      0 19422292 350400 4663636    0    0     0    16 49644 113104 15  7 78  0  0
20  0      0 19417032 350400 4663636    0    0     0     0 50066 120228 15  7 78  0  0
 1  0      0 19413452 350400 4663636    0    0     0     0 50875 135146 15  7 78  0  0
 1  0      0 19411892 350400 4663636    0    0     0     0 50207 123937 14  6 80  0  0
16  0      0 19412260 350408 4663636    0    0     0    64 49216 114067 14  6 80  0  0
 2  0      0 19415508 350408 4663636    0    0     0     0 49234 112302 15  6 80  0  0
 1  0      0 19416524 350408 4663636    0    0     0     8 49826 112891 15  6 78  0  0
 1  0      0 19411348 350408 4663636    0    0     0     0 50312 124473 15  7 79  0  0
 1  0      0 19408936 350408 4663636    0    0     0     0 50804 138032 15  7 78  0  0
 4  0      0 19406908 350416 4663636    0    0     0    16 50027 116055 15  6 79  0  0
 1  0      0 19410748 350416 4663636    0    0     0     0 49720 112702 15  7 78  0  0
 2  0      0 19412936 350416 4663636    0    0     0     8 49329 111623 15  6 79  0  0
 1  0      0 19403852 350416 4663640    0    0     0     0 50531 125531 15  7 78  0  0
 3  0      0 19401884 350416 4663640    0    0     0     0 48189 119573 15  7 78  0  0
 1  0      0 19405848 350424 4663640    0    0     0    32 49660 114217 15  7 78  0  0
16  0      0 19406792 350424 4663640    0    0     0     4 49540 116302 15  6 79  0  0
 1  0      0 19404024 350424 4663640    0    0     0     0 50357 124235 15  7 78  0  0
 1  0      0 19398664 350424 4663640    0    0     0    12 50766 127575 15  7 78  0  0
 1  0      0 19397716 350424 4663640    0    0     0     0 50893 125728 14  6 80  0  0
procs -----------memory---------- ---swap-- -----io---- -system-- ------cpu-----
 r  b   swpd   free   buff  cache   si   so    bi    bo   in   cs us sy id wa st
 1  1      0 19399132 350428 4663636    0    0     0    60 49383 111519 15  7 78  0  0
 2  0      0 19381184 353016 4663664    0    0     0 14588 58155 161748 17  8 71  4  0
 1  0      0 19390952 353016 4663724    0    0     0     0 50490 125133 15  7 78  0  0
20  0      0 19392104 353024 4663716    0    0     0    84 52682 154214 16  8 77  0  0
 1  0      0 19396412 353024 4663724    0    0     0     0 51719 135068 15  8 77  0  0
 2  0      0 19402072 353024 4663728    0    0     0     0 49743 112127 15  7 78  0  0
16  0      0 19401400 353024 4663728    0    0     0    96 49759 112971 15  7 78  0  0
 1  0      0 19401232 353024 4663728    0    0     0     0 49120 112756 14  6 79  0  0
 1  0      0 19395556 353032 4663728    0    0     0    20 49926 125338 14  6 79  0  0
 1  0      0 19397240 353032 4663728    0    0     0     0 50695 124996 14  7 79  0  0
 1  0      0 19398824 353048 4663720    0    0     8    48 49996 123971 15  8 77  0  0
 2  0      0 19399584 353048 4663728    0    0     0     0 49802 113125 15  7 79  0  0
 1  0      0 19399820 353048 4663728    0    0     0     0 49992 112942 14  7 79  0  0
 1  0      0 19391368 353048 4663728    0    0     0    16 50611 124628 15  7 78  0  0
 1  0      0 19388976 353048 4663728    0    0     0    32 50631 121978 15  6 78  0  0
 1  0      0 19392504 353056 4663720    0    0     0    76 49077 112232 15  7 79  0  0
 1  0      0 19394040 353056 4663732    0    0     0     0 49256 112199 14  6 80  0  0
 1  0      0 19393484 353056 4663732    0    0     0     0 49670 123685 15  7 78  0  0
 1  0      0 19386684 353056 4663732    0    0     0     0 50902 124927 15  7 77  0  0
 2  0      0 19387420 353056 4663732    0    0     0     8 50732 125607 15  7 78  0  0
 6  0      0 19389992 353056 4663732    0    0     0    48 48819 111423 14  7 79  0  0
procs -----------memory---------- ---swap-- -----io---- -system-- ------cpu-----
 r  b   swpd   free   buff  cache   si   so    bi    bo   in   cs us sy id wa st
 6  0      0 19390176 353064 4663732    0    0     0    56 49401 111085 14  6 79  0  0
 1  0      0 19389832 353064 4663732    0    0     0     0 49194 110112 15  6 79  0  0
 1  0      0 19383128 353064 4663732    0    0     0     0 50005 123229 15  7 78  0  0
12  0      0 19381436 353064 4663732    0    0     0     0 50878 138385 15  8 78  0  0
14  0      0 19386108 353064 4663732    0    0     0     8 48816 112094 14  6 80  0  0
 1  0      0 19385520 353072 4663732    0    0     0    56 48964 110892 15  6 79  0  0
 1  0      0 19385976 353072 4663732    0    0     0     0 49246 111417 15  6 79  0  0
15  0      0 19378612 353072 4663732    0    0     0     0 50460 124504 15  7 78  0  0
 1  0      0 19375936 353072 4663732    0    0     0     0 50874 126028 14  6 79  0  0
 1  0      0 19377780 353072 4663732    0    0     0     8 49582 111903 15  7 78  0  0
 5  0      0 19378412 353072 4663732    0    0     0     0 49619 116026 15  7 78  0  0
 1  0      0 19376720 353080 4663732    0    0     0    16 49706 120277 15  7 78  0  0
 6  0      0 19373684 353080 4663732    0    0     0     0 50704 123742 15  6 79  0  0
 1  0      0 19373580 353080 4663732    0    0     0     0 50564 124806 14  6 79  0  0
 1  0      0 19373768 353080 4663732    0    0     0     0 49335 112923 15  6 78  0  0
 1  0      0 19373524 353080 4663732    0    0     0     8 49344 112840 15  6 79  0  0
16  0      0 19374176 353088 4663728    0    0     0    16 48413 110275 15  6 79  0  0
 1  0      0 19367932 353088 4663736    0    0     0     0 49463 122285 14  7 79  0  0
 2  0      0 19367916 353088 4663736    0    0     0     0 50376 135240 15  7 78  0  0
 1  0      0 19369248 353088 4663736    0    0     0     0 48872 112681 14  5 80  0  0
 2  0      0 19368460 353088 4663736    0    0     0    12 49190 110454 15  6 79  0  0
procs -----------memory---------- ---swap-- -----io---- -system-- ------cpu-----
 r  b   swpd   free   buff  cache   si   so    bi    bo   in   cs us sy id wa st
 1  1      0 19370392 353092 4663732    0    0     0    24 48943 108871 15  6 79  0  0
 1  0      0 19360904 353096 4663740    0    0     0     4 50156 124143 14  7 79  0  0
 2  0      0 19362676 353096 4663740    0    0     0     0 49378 124013 14  6 80  0  0
 1  0      0 19365836 353096 4663740    0    0     0     0 49131 111174 14  6 80  0  0
 5  0      0 19364924 353096 4663740    0    0     0     0 49423 116802 15  7 79  0  0
 1  0      0 19364224 353096 4663744    0    0     0    16 49263 116246 14  7 79  0  0
 5  0      0 19356588 353104 4663744    0    0     0    68 49940 123938 14  6 80  0  0
18  0      0 19356472 353104 4663744    0    0     0     0 49454 119976 14  6 80  0  0
 1  0      0 19357392 353104 4663744    0    0     0     0 48819 112565 15  6 79  0  0
 1  0      0 19357584 353104 4663744    0    0     0     0 49289 112376 14  6 80  0  0
 1  0      0 19356960 353104 4663744    0    0     0     8 48757 111267 14  5 81  0  0
 1  0      0 19352796 353112 4663740    0    0     0    16 49662 122742 14  6 80  0  0
 1  0      0 19353440 353112 4663744    0    0     0     0 49564 120781 14  7 79  0  0
16  0      0 19354188 353112 4663744    0    0     0     0 49877 126492 15  7 78  0  0
16  0      0 19354784 353112 4663740    0    0     0     4 49235 111679 15  6 79  0  0
16  0      0 19351652 353112 4663744    0    0     0     0 48541 111482 14  6 81  0  0
 1  0      0 19347632 353120 4663744    0    0     0    64 50138 123092 14  6 79  0  0
 7  0      0 19347520 353120 4663744    0    0     0     0 50432 124327 14  6 79  0  0
 2  0      0 19346320 353120 4663872    0    0     0     0 49404 112426 15  7 78  0  0
 2  0      0 19337724 355704 4663556    0    0     0 14676 57314 151462 17  7 71  4  0
 4  0      0 19343312 355704 4663804    0    0     0     0 50386 134311 15  7 79  0  0
procs -----------memory---------- ---swap-- -----io---- -system-- ------cpu-----
 r  b   swpd   free   buff  cache   si   so    bi    bo   in   cs us sy id wa st
 3  0      0 19340716 355704 4663820    0    0     0     0 52138 158493 14  7 79  0  0
 1  0      0 19344704 355704 4663820    0    0     0     0 50197 125419 14  6 80  0  0
16  0      0 19346752 355704 4663820    0    0     0     0 48303 110169 14  6 80  0  0
15  0      0 19350932 355704 4663820    0    0     0    32 49064 112882 14  6 80  0  0
 1  0      0 19346636 355712 4663824    0    0     0    72 49240 112539 14  6 79  0  0
 1  0      0 19343268 355712 4663824    0    0     0     0 49365 123328 14  6 80  0  0
 9  0      0 19343916 355712 4663824    0    0     0     0 50289 122278 15  7 78  0  0
16  0      0 19345252 355728 4663820    0    0     0   120 49299 116030 14  6 80  0  0
17  0      0 19346024 355728 4663824    0    0     0     0 49678 119629 15  7 78  0  0
 2  0      0 19343948 355728 4663824    0    0     0    84 48730 110367 14  7 79  0  0
 1  0      0 19337032 355728 4663824    0    0     0     0 49827 122990 15  7 78  0  0
 1  0      0 19332900 355728 4663824    0    0     0    20 49887 122425 14  6 80  0  0
 3  0      0 19336820 355736 4663816    0    0     0   220 48753 110179 14  6 80  0  0
16  0      0 19333800 355736 4663824    0    0     0     0 48834 110429 15  6 79  0  0
 3  0      0 19333696 355736 4663824    0    0     0     0 48770 110533 14  6 80  0  0
 5  0      0 19329208 355736 4663824    0    0     0     0 50488 132438 14  7 79  0  0
 1  0      0 19330016 355736 4663824    0    0     0     8 50370 130546 14  6 79  0  0
 1  0      0 19332040 355744 4663828    0    0     0    88 48833 110461 14  6 80  0  0
 1  0      0 19331104 355744 4663832    0    0     0     0 48829 111381 14  6 80  0  0
 1  0      0 19329396 355744 4663832    0    0     0     0 49134 113260 15  6 79  0  0
 1  0      0 19325208 355744 4663832    0    0     0     0 50286 125014 14  6 80  0  0
procs -----------memory---------- ---swap-- -----io---- -system-- ------cpu-----
 r  b   swpd   free   buff  cache   si   so    bi    bo   in   cs us sy id wa st
 8  0      0 19324312 355744 4663832    0    0     0     0 50011 123929 15  7 79  0  0
 1  0      0 19324868 355744 4663832    0    0     0    16 48767 111279 14  6 80  0  0
 1  0      0 19327244 355752 4663832    0    0     0    60 49729 126655 14  7 79  0  0
 1  0      0 19326660 355752 4663832    0    0     0     0 48359 110228 14  5 81  0  0
 3  0      0 19319276 355752 4663832    0    0     0     0 49393 123678 13  6 81  0  0
14  0      0 19320644 355752 4663832    0    0     0     0 49979 122496 14  6 80  0  0
 1  0      0 19322664 355752 4663836    0    0     0    12 48475 111251 14  6 80  0  0
 1  0      0 19323840 355760 4663836    0    0     0    68 48708 112712 14  6 81  0  0
 1  0      0 19324172 355760 4663836    0    0     0     0 49223 113166 15  6 79  0  0
 2  0      0 19317976 355760 4663836    0    0     0     0 49840 126094 14  6 81  0  0
 4  0      0 19315020 355760 4663836    0    0     0     0 50667 135179 15  7 78  0  0
 1  0      0 19316076 355760 4663836    0    0     0     0 49260 111834 14  6 80  0  0
 6  0      0 19316380 355760 4663836    0    0     0    20 48801 110891 14  6 79  0  0
 1  0      0 19319184 355784 4663836    0    0     0   100 48883 111900 14  6 80  0  0
 1  0      0 19310216 355784 4663836    0    0     0     0 49724 121538 14  6 79  0  0
 6  0      0 19310276 355784 4663836    0    0     0     0 49833 120778 14  6 80  0  0
 1  0      0 19312336 355784 4663836    0    0     0     0 48719 109954 15  6 79  0  0
 1  0      0 19312232 355784 4663836    0    0     0     8 48258 108836 14  6 80  0  0
19  0      0 19312132 355792 4663836    0    0     0    60 48692 113926 14  6 80  0  0
 4  0      0 19308880 355792 4663836    0    0     0     0 48843 128451 14  7 79  0  0
 1  0      0 19305740 355792 4663836    0    0     0     0 49053 121239 14  6 80  0  0
procs -----------memory---------- ---swap-- -----io---- -system-- ------cpu-----
 r  b   swpd   free   buff  cache   si   so    bi    bo   in   cs us sy id wa st
 1  0      0 19308000 355792 4663836    0    0     0     0 48435 108527 14  6 80  0  0
 2  0      0 19307692 355792 4663836    0    0     0     0 48387 110628 14  6 80  0  0
 1  0      0 19304212 355792 4663836    0    0     0     8 47896 109537 14  6 81  0  0
 1  0      0 19304560 355800 4663836    0    0     0    16 49453 123193 14  6 80  0  0
 1  0      0 19302356 355800 4663836    0    0     0     0 50137 123031 15  7 79  0  0
 1  0      0 19303332 355800 4663840    0    0     0     0 47880 107543 13  5 82  0  0
11  0      0 19302616 355800 4663852    0    0     0     0 48113 109338 14  6 80  0  0
 4  0      0 19301444 355800 4663852    0    0     0     8 48574 115776 14  6 80  0  0
 2  0      0 19298084 355808 4663844    0    0     0    32 49130 128191 14  7 79  0  0
 1  0      0 19294048 355808 4663852    0    0     0     0 49742 122121 15  6 79  0  0
 1  0      0 19298736 355808 4663852    0    0     0    32 44758 88691 14  5 81  0  0
 1  0      0 19293564 355808 4666044    0    0     0     4 51103 120581 14  6 80  0  0
 2  0      0 19290932 355808 4666044    0    0     0     0 51733 123368 14  6 80  0  0
 2  0      0 19187024 355832 4666068    0    0     0   180 52580 150275 17  7 76  0  0
16  0      0 19256484 355880 4666040    0    0     0   388 60850 193052 21  7 72  0  0
 1  0      0 19264836 355880 4664048    0    0     0     0 49187 119800 13  6 80  0  0
 2  0      0 19270056 358472 4663896    0    0     0 14564 54108 130049 15  7 73  4  0
 9  0      0 19274680 358472 4663940    0    0     0     0 49595 130902 13  6 81  0  0
 4  0      0 19265144 358472 4663960    0    0     0     0 51428 156326 15  7 78  0  0
 1  0      0 19265724 358472 4666136    0    0     0    80 52514 142411 15  6 78  0  0
18  0      0 19282440 358472 4666136    0    0     0     0 51973 121190 15  7 78  0  0
procs -----------memory---------- ---swap-- -----io---- -system-- ------cpu-----
 r  b   swpd   free   buff  cache   si   so    bi    bo   in   cs us sy id wa st
 2  0      0 19282472 358476 4666132    0    0     0    76 50208 115115 15  6 79  0  0
15  0      0 19283260 358504 4667292    0    0     0   112 51484 121643 15  6 78  0  0
23  0      0 19194512 359704 4670976    0    0  1455  6760 62526 181987 17  9 72  2  0
 4  0      0 18954164 361292 4674116    0    0   856  9040 70138 236172 22  9 66  3  0
 1  0      0 18811196 361436 4676432    0    0   187 49048 63240 196621 20  8 72  0  0
 2  0      0 18843100 361456 4670228    0    0    20     0 52888 121425 15  6 79  0  0
 2  0      0 18852368 361484 4670276    0    0    12   836 53736 123490 14  6 80  0  0
 8  1      0 18773076 362164 4673348    0    0  1138  3088 55754 163058 16  8 75  0  0
 6  0      0 18642876 362744 4681564    0    0  6682     0 61922 198124 21  8 71  0  0
 2  0      0 18551004 362812 4683448    0    0   246  1884 57205 146191 17  7 76  0  0
17  0      0 18565104 363012 4683808    0    0   387   252 52794 127613 15  5 79  0  0
 1  0      0 18553420 363012 4684608    0    0    46     0 52282 124880 15  6 79  0  0
 1  0      0 18552012 363024 4684648    0    0    12     0 52698 135498 15  7 78  0  0
 2  0      0 18562840 363048 4684540    0    0     0  3040 52539 136522 16  7 77  0  0
 1  0      0 18580240 363072 4696828    0    0     0   188 49114 116577 14  6 80  0  0
 1  0      0 18587232 363072 4696828    0    0     0     0 47858 109570 14  6 80  0  0
 1  0      0 18589296 363072 4696836    0    0     0     0 49802 114690 15  6 79  0  0
 2  0      0 18656016 363076 4696860    0    0     4     0 53671 153733 16  8 77  0  0
 1  0      0 18658260 363076 4696892    0    0     0     8 51330 126698 15  7 79  0  0
 1  0      0 18665364 363100 4697268    0    0   254   872 49937 113354 14  6 80  0  0
 1  0      0 18667280 363100 4697292    0    0     0     0 49281 112386 14  6 79  0  0
procs -----------memory---------- ---swap-- -----io---- -system-- ------cpu-----
 r  b   swpd   free   buff  cache   si   so    bi    bo   in   cs us sy id wa st
 1  0      0 18652364 363108 4698240    0    0     0   188 49830 115454 15  6 78  0  0
 3  0      0 18655396 363108 4698280    0    0     0     0 50064 124837 14  6 79  0  0
 1  0      0 18658640 363108 4698292    0    0     0     0 49584 121826 15  6 79  0  0
17  0      0 18661644 363108 4698284    0    0     0    72 48209 109983 14  6 80  0  0
 1  0      0 18664856 363112 4698284    0    0     4     0 50369 116621 14  6 80  0  0
 4  0      0 18669464 363128 4698300    0    0     8    88 50089 114358 15  6 79  0  0
 7  0      0 18662644 363132 4698296    0    0     4     0 50940 135833 15  8 78  0  0
 8  0      0 18660792 363156 4698324    0    0     0 21276 51626 127300 15  7 79  0  0
12  0      0 18662508 363156 4698372    0    0     0    12 49209 112075 15  6 79  0  0
 1  0      0 18662328 363160 4698368    0    0     4     0 49389 111941 14  6 80  0  0
 1  0      0 18660420 363168 4698388    0    0     8    64 50531 116575 15  7 78  0  0
 2  0      0 18657244 363172 4698420    0    0     4     0 51534 127824 15  7 78  0  0
 1  0      0 18659320 363320 4698448    0    0   136   444 50026 123031 14  5 81  0  0
 1  0      0 18658828 363328 4698444    0    0     0   100 48631 110519 15  6 79  0  0
 2  0      0 18663008 363340 4698424    0    0     4    76 48725 110291 14  6 79  0  0
 1  0      0 18644400 363340 4698800    0    0     0     0 50837 128253 15  7 78  0  0
10  0      0 18650456 363340 4699068    0    0     0    68 49381 123424 14  6 79  0  0
 1  0      0 18645116 363340 4699076    0    0     0   152 53504 135250 16  7 77  0  0
 1  0      0 18649976 363364 4702000    0    0     0   192 41320 81868 12  4 85  0  0
 3  0      0 18596304 363400 4712688    0    0    20  8468 29480 47582  9  1 90  0  0
 1  0      0 18575416 363404 4728992    0    0     4     0 29538 48291  9  1 91  0  0
procs -----------memory---------- ---swap-- -----io---- -system-- ------cpu-----
 r  b   swpd   free   buff  cache   si   so    bi    bo   in   cs us sy id wa st
 1  0      0 18666552 363428 4735152    0    0     0   248 28392 55836  8  1 91  0  0
 1  0      0 18665468 363452 4735184    0    0     0   136 27422 57023  8  1 91  0  0
 1  0      0 18691124 363452 4729724    0    0     0    72 27158 45323  9  0 91  0  0
 1  0      0 18699868 363516 4730096    0    0    76 21156 30343 52484  8  1 91  0  0
 1  0      0 18708684 363516 4730104    0    0     0     0 26726 45702  7  0 92  0  0
 1  1      0 18686856 364936 4735156    0    0     4  8228 29083 58142  8  1 88  3  0
 1  0      0 18677596 366096 4736464    0    0     0  6648 29895 53698  8  1 89  2  0
 1  0      0 18688860 366096 4736496    0    0     0  3044 31530 49382 10  1 89  0  0
 1  0      0 18677700 366120 4736472    0    0     0   396 24075 42493  7  0 93  0  0
 1  0      0 18668296 366144 4736472    0    0     0   148 21513 39049  7  0 93  0  0
 1  1      0 18655724 368620 4739012    0    0  2612     0 22156 39585  7  0 92  0  0
 1  0      0 18631740 369044 4769520    0    0  1040     0 23004 40086  7  1 91  1  0
 1  0      0 18630768 369044 4766764    0    0     0     0 21063 42967  7  0 93  0  0
 1  0      0 18622808 371628 4766680    0    0     0 14764 28053 53230  7  1 87  5  0
 1  0      0 18622396 371628 4766752    0    0     0     0 21507 53332  7  0 93  0  0
 1  0      0 18616280 371628 4766784    0    0     0     0 23499 56978  7  1 92  0  0
 2  0      0 18612944 371628 4768968    0    0     4     4 23018 44389  7  1 92  0  0
 1  0      0 18600976 371664 4768956    0    0     8   284 48007 130737 16  6 78  0  0
 1  0      0 18604720 371672 4769016    0    0    12  1084 57082 158351 16  8 76  0  0
 4  1      0 18600576 372728 4771612    0    0     0  5932 57548 152138 16  8 75  2  0
 2  0      0 18596036 374384 4770084    0    0   136 11988 58394 153951 16  9 73  3  0
procs -----------memory---------- ---swap-- -----io---- -system-- ------cpu-----
 r  b   swpd   free   buff  cache   si   so    bi    bo   in   cs us sy id wa st
18  0      0 18608712 374384 4769972    0    0     0     0 50606 118140 14  7 78  0  0
 1  0      0 18609600 374384 4766892    0    0     0     0 50268 115895 15  6 79  0  0
 1  0      0 18609336 374384 4766908    0    0     0     0 53566 133308 16  7 77  0  0
 1  0      0 18585760 374384 4772324    0    0     0     0 57352 149278 17  7 75  0  0
 1  0      0 18600096 374384 4772216    0    0     0     0 52103 122787 15  6 79  0  0
 1  0      0 18599068 374396 4772220    0    0     0   332 51329 120377 16  6 78  0  0
 4  0      0 18601144 374396 4769308    0    0     0     0 51006 128619 16  8 76  0  0
 1  0      0 18591728 374408 4770016    0    0  1072     0 52056 150323 16  7 77  0  0
 1  0      0 18591420 374408 4770668    0    0   508     8 51282 129981 15  7 77  0  0
 1  0      0 18591688 374408 4770864    0    0   128     0 51912 136801 15  6 79  0  0
 1  0      0 21736696 374432 4770792    0    0     0   256 40059 96996 12  7 81  0  0
 1  0      0 22818768 374432 4750140    0    0     0     8 9768 3793  0  3 97  0  0
