procs -----------memory---------- ---swap-- -----io---- -system-- ------cpu-----
 r  b   swpd   free   buff  cache   si   so    bi    bo   in   cs us sy id wa st
 3  0      0 23623368 304664 4521492    0    0    66    21   16  411  8  4 88  0  0
 2  1      0 23247692 305256 4529684    0    0     0  3416 16255 26339  6  5 88  1  0
 3  0      0 21958336 307320 4530212    0    0     0 11692 24522 36780  6 10 80  4  0
 2  0      0 21747268 307320 4530680    0    0     0     0 24967 112708  6 13 81  0  0
 2  0      0 21607476 307320 4531064    0    0     0     0 32783 72317 11  8 81  0  0
 1  0      0 21468916 307320 4531496    0    0     0     0 37334 83032  5  8 87  0  0
 2  0      0 21286592 307392 4533900    0    0     0   464 24088 50776  1  7 92  0  0
 4  0      0 20719292 307392 4542584    0    0   128  2944 31066 48094  7  7 86  0  0
 2  0      0 20029756 307392 4542584    0    0     0     0 36838 52928 19  4 77  0  0
 1  0      0 19834176 307392 4542588    0    0     0    20 28563 50527  6  3 91  0  0
 0  0      0 19935056 307392 4542588    0    0     0     0 19983 38273  1  0 99  0  0
 2  0      0 19873784 307400 4542588    0    0     0   104 28019 75116  9  4 87  0  0
 1  0      0 19869636 307400 4542588    0    0     0     0 21417 43207  7  0 93  0  0
 2  0      0 19854080 307400 4542588    0    0     0     0 21319 43045  7  0 93  0  0
 1  0      0 19848844 307400 4542588    0    0     0     0 20790 37099  7  0 93  0  0
 1  0      0 19840172 307400 4542588    0    0     0     0 20849 37241  7  0 93  0  0
 2  0      0 19827128 307400 4542588    0    0     0   352 22469 47721  7  0 93  0  0
 2  0      0 19824092 307408 4542588    0    0     0   592 21227 42605  7  0 93  0  0
 1  0      0 19814832 307408 4542588    0    0     0     0 21281 43116  7  0 93  0  0
 1  0      0 19807024 307408 4542588    0    0     0     0 20942 37092  7  0 93  0  0
 2  0      0 19798584 307408 4542588    0    0     0     0 21080 37223  7  0 93  0  0
procs -----------memory---------- ---swap-- -----io---- -system-- ------cpu-----
 r  b   swpd   free   buff  cache   si   so    bi    bo   in   cs us sy id wa st
 2  0      0 19839256 307408 4542588    0    0     0     0 25353 48477  8  1 91  0  0
 2  0      0 19831676 307424 4542592    0    0     0    80 21741 43542  7  0 93  0  0
 1  0      0 19815164 307424 4542592    0    0     0     4 21839 44253  7  0 93  0  0
 2  0      0 19827692 307424 4542592    0    0     0     0 24801 37899  8  0 92  0  0
 1  0      0 19820360 307424 4542592    0    0     0     0 21028 37515  7  0 93  0  0
 2  0      0 19821904 307424 4542592    0    0     0     0 22261 48132  7  1 93  0  0
 1  0      0 19817816 307424 4542592    0    0     0    28 21136 42139  7  0 93  0  0
 1  0      0 19818792 307432 4542576    0    0     0    60 32264 78334 10  3 87  0  0
 1  0      0 19835528 307432 4542576    0    0     0     0 48785 112295 15  6 79  0  0
 3  0      0 19836880 307432 4542576    0    0     0     0 48618 110053 14  6 80  0  0
 2  0      0 19828592 307432 4542576    0    0     0     0 50019 123009 15  6 79  0  0
 1  0      0 19828568 307432 4542576    0    0     0    28 49844 118788 15  7 79  0  0
 1  0      0 19830420 307440 4542584    0    0     0    84 49675 118712 15  7 78  0  0
 5  0      0 19828024 307448 4542592    0    0     0    20 49554 118953 14  7 78  0  0
 1  0      0 19825832 307448 4542592    0    0     0     0 49870 118967 15  7 79  0  0
 2  0      0 19823596 307448 4542592    0    0     0     0 50096 124625 15  7 78  0  0
17  0      0 19823804 307448 4542592    0    0     0     0 49989 118074 15  7 78  0  0
 1  0      0 19823740 307448 4542596    0    0     0    20 50088 117785 15  7 78  0  0
19  0      0 19815300 307456 4542588    0    0     0    80 49006 112573 15  7 78  0  0
 1  0      0 19819392 307456 4542596    0    0     0     0 49157 112257 15  7 79  0  0
 2  0      0 19816664 307456 4542596    0    0     0     0 50476 125146 15  7 78  0  0
procs -----------memory---------- ---swap-- -----io---- -system-- ------cpu-----
 r  b   swpd   free   buff  cache   si   so    bi    bo   in   cs us sy id wa st
 1  0      0 19817424 307456 4542596    0    0     0     0 49207 114974 14  6 79  0  0
 1  0      0 19815752 307456 4542600    0    0     0     0 49627 118888 15  7 79  0  0
 1  0      0 19814280 307456 4542600    0    0     0     0 49698 125256 15  7 77  0  0
 1  0      0 19811404 307464 4546712    0    0     0    64 48903 112960 14  6 80  0  0
 2  0      0 19807980 307464 4546712    0    0     0     0 49786 122235 15  7 78  0  0
 1  0      0 19807992 307464 4546712    0    0     0     0 49112 117035 14  6 79  0  0
 2  0      0 19807752 307464 4546712    0    0     0     0 48949 115919 14  7 79  0  0
 1  0      0 19807596 307464 4546712    0    0     0     0 48115 109806 14  6 80  0  0
 1  0      0 19791728 307472 4546712    0    0     0    32 48528 110260 14  6 80  0  0
 2  0      0 19795156 307472 4546712    0    0     0     0 49353 123300 14  6 81  0  0
16  0      0 19797324 307472 4546712    0    0     0     0 49275 116320 14  6 79  0  0
 1  0      0 19797348 307472 4546712    0    0     0     0 49896 119105 14  6 80  0  0
 4  0      0 19792780 307472 4546716    0    0     0     0 49439 119120 14  6 79  0  0
 1  0      0 19794944 307472 4546716    0    0     0     0 48689 116031 14  6 80  0  0
 2  0      0 19787808 307480 4546716    0    0     0    44 50283 126026 14  6 80  0  0
 1  0      0 19790556 307480 4546716    0    0     0     0 48703 114359 15  6 79  0  0
 1  0      0 19789768 307480 4546716    0    0     0     4 48764 116635 14  6 80  0  0
 1  0      0 19787592 307480 4546716    0    0     0     0 48384 109371 14  6 80  0  0
 2  0      0 19787728 307480 4546716    0    0     0     0 49075 111987 14  7 79  0  0
 2  1      0 19775704 308032 4546556    0    0     0  3136 51596 129462 16  7 76  1  0
 2  0      0 19775508 310056 4546648    0    0     0 11456 52675 128628 14  7 75  4  0
procs -----------memory---------- ---swap-- -----io---- -system-- ------cpu-----
 r  b   swpd   free   buff  cache   si   so    bi    bo   in   cs us sy id wa st
 4  0      0 19774908 310056 4546788    0    0     0     0 50332 138212 14  7 78  0  0
 1  0      0 19777432 310056 4546788    0    0     0     0 50936 142059 14  8 78  0  0
 1  0      0 19778816 310056 4546788    0    0     0     0 48058 110521 14  6 79  0  0
11  0      0 19774988 310056 4546788    0    0     0    28 49624 124343 15  7 78  0  0
 1  0      0 19781420 310064 4546788    0    0     0    80 49271 116465 15  7 79  0  0
16  0      0 19781232 310064 4546788    0    0     0     0 49650 119196 15  6 78  0  0
 1  0      0 19781360 310064 4546788    0    0     0     0 48834 111716 15  6 79  0  0
 1  0      0 19778944 310064 4546788    0    0     0     0 48944 111561 14  6 80  0  0
 2  0      0 19777360 310064 4546788    0    0     0     0 49674 122266 15  6 79  0  0
 3  0      0 19776680 310064 4546788    0    0     0    64 48985 114933 15  6 79  0  0
 4  0      0 19759132 310072 4546788    0    0     0    16 48859 118323 14  6 80  0  0
 1  0      0 19759828 310072 4546788    0    0     0     0 48723 119421 15  7 78  0  0
15  0      0 19758708 310072 4546792    0    0     0     0 48312 110351 14  6 80  0  0
 2  0      0 19753084 310072 4546792    0    0     0     0 49485 125011 14  7 80  0  0
 1  0      0 19758496 310072 4546792    0    0     0    24 48659 113786 14  6 80  0  0
 9  0      0 19754696 310080 4546784    0    0     0    32 48890 116505 14  6 80  0  0
 1  0      0 19754960 310080 4546792    0    0     0     0 48004 109799 13  6 81  0  0
16  0      0 19756460 310080 4546792    0    0     0     0 48455 110903 14  6 80  0  0
 2  0      0 19752764 310080 4546792    0    0     0     0 49721 123208 14  7 80  0  0
 1  0      0 19752492 310080 4546792    0    0     0     0 48523 114989 14  6 80  0  0
 2  0      0 19753272 310080 4546792    0    0     0    12 49220 117536 14  6 80  0  0
procs -----------memory---------- ---swap-- -----io---- -system-- ------cpu-----
 r  b   swpd   free   buff  cache   si   so    bi    bo   in   cs us sy id wa st
 1  0      0 19752292 310088 4546792    0    0     0   104 49130 123473 15  7 78  0  0
 1  0      0 19752396 310088 4546792    0    0     0     0 48672 110982 14  6 79  0  0
 2  0      0 19747968 310088 4546796    0    0     0     0 49715 126032 14  7 79  0  0
18  0      0 19746344 310088 4546796    0    0     0     0 48828 112177 15  7 79  0  0
 1  0      0 19748108 310088 4546796    0    0     0    12 49040 115982 15  6 79  0  0
 1  0      0 19748580 310096 4546796    0    0     0    24 48505 109675 14  7 79  0  0
 1  0      0 19750892 310096 4546796    0    0     0     0 48575 109852 15  7 78  0  0
 2  0      0 19743108 310096 4546796    0    0     0     0 49935 125706 15  7 79  0  0
 1  0      0 19743712 310096 4546796    0    0     0     0 49199 112652 16  7 78  0  0
 1  0      0 19744956 310096 4546796    0    0     0     8 48946 114912 15  6 79  0  0
 1  0      0 19746532 310096 4546796    0    0     0     8 53010 145265 17  8 75  0  0
 1  0      0 19747992 310104 4546796    0    0     0    16 48994 110756 14  7 79  0  0
 3  0      0 19743184 310104 4546796    0    0     0     0 50527 128054 15  7 78  0  0
 3  0      0 19749476 310104 4546800    0    0     0     0 48923 113548 15  7 79  0  0
 1  0      0 19747232 310104 4546800    0    0     0     0 49312 117168 14  6 80  0  0
 1  0      0 19751908 310104 4546800    0    0     0    12 49203 111944 15  7 78  0  0
 1  0      0 19750360 310112 4546800    0    0     0    28 48890 110279 14  6 80  0  0
 2  0      0 19748276 310112 4546800    0    0     0     0 49970 128255 15  6 79  0  0
 4  0      0 19749988 310112 4546800    0    0     0     0 48986 115105 14  6 80  0  0
 1  0      0 19748340 310112 4546800    0    0     0     0 50029 128309 14  8 78  0  0
 1  0      0 19748580 310112 4546800    0    0     0     0 48579 110858 14  6 80  0  0
procs -----------memory---------- ---swap-- -----io---- -system-- ------cpu-----
 r  b   swpd   free   buff  cache   si   so    bi    bo   in   cs us sy id wa st
 1  1      0 19746760 310120 4546800    0    0     0    24 48771 112283 14  6 80  0  0
 2  0      0 19727304 310120 4555024    0    0     0    16 50795 127643 15  7 78  0  0
 2  0      0 19727764 310120 4555024    0    0     0     0 49657 114114 15  7 78  0  0
 3  0      0 19737016 310120 4555024    0    0     0     0 49604 117667 14  6 80  0  0
 1  0      0 19735492 310120 4555024    0    0     0     0 49171 113003 14  6 80  0  0
 2  0      0 19735768 310120 4555024    0    0     0     8 49269 113575 14  6 80  0  0
 1  0      0 19732512 310128 4555024    0    0     0    16 51280 144026 15  7 78  0  0
17  0      0 19733192 310128 4555028    0    0     0     0 49430 112099 15  7 78  0  0
 2  0      0 19732152 310128 4555028    0    0     0     0 49479 119887 14  6 79  0  0
 2  0      0 19731480 310128 4555028    0    0     0     0 48719 111537 14  6 79  0  0
 1  0      0 19729292 310128 4555028    0    0     0     0 48824 109630 15  7 78  0  0
17  0      0 19725004 310136 4555028    0    0     0    40 50256 128087 15  7 78  0  0
 1  0      0 19692740 310136 4555028    0    0     0     0 49053 110296 14  7 79  0  0
 3  0      0 19720984 310136 4555044    0    0     0     4 49361 115624 14  7 79  0  0
 8  0      0 19721744 310136 4555044    0    0     0     0 49164 117016 14  7 79  0  0
 1  0      0 19697724 310136 4555044    0    0     0     0 49089 117624 15  7 78  0  0
 2  1      0 19695592 310592 4554792    0    0     0  2568 51274 134926 15  7 77  1  0
11  0      0 19692592 312712 4555132    0    0     0 12116 52697 128850 14  7 75  4  0
 8  0      0 19699068 312712 4555132    0    0     0     0 51003 136667 15  7 78  0  0
 1  0      0 19699320 312720 4555132    0    0     0    80 50615 134208 14  7 79  0  0
 1  0      0 19698660 312720 4555132    0    0     0     0 48701 110138 15  7 78  0  0
procs -----------memory---------- ---swap-- -----io---- -system-- ------cpu-----
 r  b   swpd   free   buff  cache   si   so    bi    bo   in   cs us sy id wa st
 2  0      0 19695896 312720 4555132    0    0     0     0 50033 128536 14  7 79  0  0
 1  0      0 19700800 312720 4555132    0    0     0    76 50271 133363 16  6 78  0  0
20  0      0 19702476 312720 4555132    0    0     0     0 49733 120192 14  6 80  0  0
 1  0      0 19702124 312728 4555128    0    0     0   136 50060 124084 15  8 77  0  0
 1  0      0 19702984 312728 4555136    0    0     0     0 48996 111928 14  6 80  0  0
 2  0      0 19697660 312728 4555136    0    0     0     0 50453 128623 15  7 78  0  0
 1  0      0 19704876 312728 4555136    0    0     0     0 49648 113305 15  7 78  0  0
 1  0      0 19705020 312728 4555136    0    0     0     0 49747 119500 14  6 80  0  0
 8  0      0 19701916 312736 4555136    0    0     0    32 49666 114852 15  6 79  0  0
 1  0      0 19702456 312736 4555136    0    0     0     0 49470 113565 14  6 80  0  0
10  0      0 19698900 312736 4555136    0    0     0     0 49924 132988 14  7 79  0  0
 1  0      0 19700648 312736 4555136    0    0     0    28 49187 116662 15  7 78  0  0
16  0      0 19697828 312736 4555136    0    0     0     0 49405 117116 15  7 79  0  0
 1  0      0 19699124 312736 4555136    0    0     0     0 48855 111327 14  6 80  0  0
15  0      0 19700408 312744 4555140    0    0     0    28 49075 111393 15  7 79  0  0
 3  0      0 19691624 312744 4555140    0    0     0     0 50942 129778 14  7 80  0  0
 1  0      0 19695208 312744 4555140    0    0     0     4 49792 113035 15  6 79  0  0
 1  0      0 19694956 312744 4555140    0    0     0    12 49814 119166 14  6 80  0  0
 5  0      0 19692716 312744 4555140    0    0     0     0 49011 114528 14  6 80  0  0
 1  0      0 19693624 312752 4555144    0    0     0    68 46701 104515 14  6 79  0  0
 2  0      0 19686264 312752 4555144    0    0     0     0 50557 130853 14  7 79  0  0
procs -----------memory---------- ---swap-- -----io---- -system-- ------cpu-----
 r  b   swpd   free   buff  cache   si   so    bi    bo   in   cs us sy id wa st
 1  0      0 19689328 312752 4555144    0    0     0     0 49453 111429 15  7 78  0  0
 1  0      0 19690148 312752 4555144    0    0     0     0 49840 118557 15  7 78  0  0
 1  0      0 19692204 312752 4555144    0    0     0     8 49612 111893 16  8 77  0  0
 2  0      0 19689648 312752 4555148    0    0     0     0 49249 112727 14  6 80  0  0
 2  0      0 19682392 312760 4555148    0    0     0    80 50369 129378 15  7 78  0  0
 1  0      0 19686504 312760 4555148    0    0     0     0 49799 113946 14  7 79  0  0
 4  0      0 19684620 312760 4555148    0    0     0     0 50026 122993 14  7 78  0  0
 1  0      0 19684852 312760 4555148    0    0     0    16 49463 118401 15  8 77  0  0
 3  0      0 19685264 312760 4555148    0    0     0     0 48694 111835 14  6 80  0  0
 2  0      0 19678688 312768 4555148    0    0     0    28 50175 129178 14  7 79  0  0
 1  0      0 19679380 312768 4555148    0    0     0     0 49563 113493 14  7 79  0  0
 1  0      0 19679136 312784 4555148    0    0     0    92 49370 118955 14  6 80  0  0
 1  0      0 19678504 312784 4555148    0    0     0     0 49183 113542 14  6 80  0  0
 1  0      0 19680460 312784 4555148    0    0     0     8 50008 113905 15  7 78  0  0
18  0      0 19672204 312784 4555148    0    0     0    40 51401 143462 15  8 77  0  0
 4  0      0 19674528 312784 4555148    0    0     0     0 50198 120938 15  7 79  0  0
 1  0      0 19674496 312784 4555148    0    0     0     0 50341 120742 15  6 79  0  0
 1  0      0 19674052 312792 4555148    0    0     0    16 49595 113490 15  6 79  0  0
 8  0      0 19674092 312792 4555148    0    0     0     0 49065 112606 14  5 81  0  0
 5  0      0 19670876 312792 4555148    0    0     0     8 51360 131097 15  7 78  0  0
 1  0      0 19670176 312792 4555148    0    0     0     0 49857 114541 14  6 80  0  0
procs -----------memory---------- ---swap-- -----io---- -system-- ------cpu-----
 r  b   swpd   free   buff  cache   si   so    bi    bo   in   cs us sy id wa st
 4  0      0 19669092 312792 4555148    0    0     0     0 50785 133667 15  8 77  0  0
 7  0      0 19668992 312800 4555148    0    0     0    16 49218 113683 14  6 80  0  0
 1  0      0 19672124 312800 4555148    0    0     0     0 53050 134794 16  7 77  0  0
 3  0      0 19665780 312800 4555160    0    0     0     0 51727 135122 15  7 78  0  0
 2  0      0 19668136 312804 4555164    0    0     0    12 49170 112368 15  6 78  0  0
 1  0      0 19673184 312804 4555164    0    0     0     0 49685 117898 15  7 79  0  0
 1  0      0 19672584 312804 4555164    0    0     0     0 49041 110296 15  7 78  0  0
 9  0      0 19674392 312812 4555168    0    0     0    96 50064 120299 15  7 77  0  0
 3  0      0 19670240 312812 4555168    0    0     0     0 51638 141423 15  7 78  0  0
 3  0      0 19670516 312812 4555168    0    0     0    36 49390 113306 15  7 79  0  0
 1  0      0 19669664 312812 4555168    0    0     0     4 50248 121285 14  7 79  0  0
 1  0      0 19670868 312812 4555168    0    0     0     0 49532 112773 15  6 79  0  0
 2  0      0 19661316 312820 4555168    0    0     0    52 49739 116726 15  6 79  0  0
 1  1      0 19654412 313252 4554924    0    0     0  2484 52386 139467 15  7 77  1  0
21  0      0 19647488 315436 4554968    0    0     0 12356 54552 140314 14  7 74  4  0
17  0      0 19646092 315436 4555232    0    0     0     0 52100 153308 16  7 77  0  0
 1  0      0 19650372 315436 4555236    0    0     0     0 51152 135709 14  7 79  0  0
 6  0      0 19652912 315436 4555236    0    0     0     0 49484 113811 14  7 79  0  0
 1  0      0 19648696 315436 4555236    0    0     0    64 51004 132456 14  7 80  0  0
 2  0      0 19657580 315436 4555240    0    0     0     0 49541 114932 15  6 79  0  0
 2  0      0 19658760 315444 4555240    0    0     0    68 50568 119994 15  7 78  0  0
procs -----------memory---------- ---swap-- -----io---- -system-- ------cpu-----
 r  b   swpd   free   buff  cache   si   so    bi    bo   in   cs us sy id wa st
 7  0      0 19659084 315444 4555240    0    0     0     0 49359 113959 14  6 80  0  0
 2  0      0 19656108 315444 4555240    0    0     0     0 50671 124808 15  7 78  0  0
 1  0      0 19648768 315468 4555240    0    0     0   144 50773 131771 15  7 78  0  0
 2  0      0 19653228 315468 4555240    0    0     0     0 49264 114673 15  6 79  0  0
17  0      0 19650948 315468 4555240    0    0     0    28 50115 117196 15  7 78  0  0
16  0      0 19651812 315468 4555240    0    0     0     0 49326 111535 15  6 79  0  0
 8  0      0 19649684 315468 4555240    0    0     0     0 48878 110857 14  6 79  0  0
 1  0      0 19647240 315476 4555232    0    0     0    76 50636 130973 14  6 79  0  0
 9  0      0 19645648 315476 4555244    0    0     0     0 49567 127427 14  7 79  0  0
 1  0      0 19646748 315476 4555244    0    0     0    60 49938 118012 15  6 79  0  0
 2  0      0 19646420 315476 4555244    0    0     0     0 49384 112285 15  7 78  0  0
16  0      0 19648708 315476 4555244    0    0     0     0 49457 111621 15  7 78  0  0
 1  0      0 19645544 315500 4555232    0    0     0   232 50884 129277 15  7 78  0  0
 2  0      0 19644668 315500 4555232    0    0     0     4 49195 113761 15  6 80  0  0
 1  0      0 19646364 315500 4555232    0    0     0     0 50600 120940 15  7 78  0  0
 4  0      0 19613724 315500 4555232    0    0     0     8 48981 117498 14  7 79  0  0
 1  0      0 19618028 315500 4555232    0    0     0     0 50244 121712 14  7 79  0  0
 1  0      0 19610728 315500 4555232    0    0     0     0 51082 132415 15  7 78  0  0
 2  0      0 19638296 315508 4555232    0    0     0    52 49857 114140 15  7 79  0  0
 1  0      0 19638000 315508 4555232    0    0     0     0 50123 117887 15  7 78  0  0
16  0      0 19639508 315508 4555232    0    0     0     0 48865 112345 15  6 79  0  0
procs -----------memory---------- ---swap-- -----io---- -system-- ------cpu-----
 r  b   swpd   free   buff  cache   si   so    bi    bo   in   cs us sy id wa st
13  0      0 19599132 315508 4555232    0    0     0     8 48655 108829 14  6 80  0  0
 3  0      0 19606860 315508 4555232    0    0     0     0 50721 131687 15  6 79  0  0
18  0      0 19610876 315516 4555224    0    0     0    52 49844 127232 14  7 79  0  0
18  0      0 19615676 315516 4555232    0    0     0     0 49363 116417 13  6 81  0  0
16  0      0 19616376 315516 4555232    0    0     0     0 49280 111271 14  7 79  0  0
 1  0      0 19632648 315516 4555232    0    0     0     0 49375 114201 14  6 80  0  0
 1  0      0 19626344 315516 4555236    0    0     0    12 50877 129612 14  6 80  0  0
 2  0      0 19627348 315516 4555236    0    0     0     0 49296 115093 15  6 79  0  0
 1  0      0 19628136 315532 4555236    0    0     0    76 50167 118537 15  6 79  0  0
 2  0      0 19627892 315532 4555236    0    0     0     0 50331 127933 15  7 78  0  0
 2  0      0 19628264 315532 4555236    0    0     0     0 49445 112144 14  6 80  0  0
 1  0      0 19617328 315532 4558180    0    0     0  2280 40485 93503 12  4 84  0  0
 2  0      0 19599148 315532 4569356    0    0     0     0 21439 39050  7  0 93  0  0
 1  0      0 19577396 315540 4580436    0    0     0    84 21628 40985  6  0 93  0  0
 1  0      0 19684000 315540 4585364    0    0     0     0 21032 37245  7  0 93  0  0
 1  0      0 19684300 315540 4585364    0    0     0     0 20512 36957  7  0 93  0  0
 1  0      0 19683088 315540 4585364    0    0     0     0 21859 52310  7  1 93  0  0
 2  0      0 19683672 315540 4585368    0    0     0     0 20988 39073  7  0 93  0  0
 1  0      0 19676868 315548 4585360    0    0     0    24 21227 40807  7  0 93  0  0
 2  0      0 19668480 315548 4585368    0    0     0     0 20634 36976  7  0 93  0  0
 1  0      0 19669080 315548 4585368    0    0     0     0 20654 37114  7  0 93  0  0
procs -----------memory---------- ---swap-- -----io---- -system-- ------cpu-----
 r  b   swpd   free   buff  cache   si   so    bi    bo   in   cs us sy id wa st
 1  0      0 19655004 315548 4585368    0    0     0     0 22131 52513  7  0 93  0  0
 2  0      0 19668692 315552 4585372    0    0     0  4112 21150 39451  7  0 93  0  0
 1  0      0 19664332 315552 4585372    0    0     0     0 21245 40786  7  0 93  0  0
 1  0      0 19657236 315560 4585372    0    0     0   108 20782 36967  7  0 93  0  0
 1  0      0 19649728 315560 4585372    0    0     0     0 20741 36969  7  0 93  0  0
 1  0      0 19638936 315560 4585372    0    0     0     0 21987 52469  7  1 93  0  0
 2  0      0 19638968 315560 4585372    0    0     0 22952 21089 39116  7  0 93  0  0
 1  0      0 19629372 315560 4585372    0    0     0     4 21244 40832  7  0 93  0  0
 1  0      0 19629300 315568 4585364    0    0     0    36 20722 36788  7  0 93  0  0
 1  0      0 19631432 315568 4585364    0    0     0     0 20759 37037  7  0 93  0  0
 1  1      0 19628052 315896 4585252    0    0     0  1896 41401 110330 12  4 83  1  0
 3  0      0 19618708 318144 4585408    0    0     0 12800 55595 154218 16  6 74  4  0
 1  0      0 19628508 318144 4585432    0    0     0     0 50310 129054 15  6 79  0  0
20  0      0 19632248 318144 4585432    0    0     0    28 51019 148263 15  8 77  0  0
 1  0      0 19630436 318144 4585432    0    0     0     0 48747 112983 14  6 81  0  0
17  0      0 19626412 318144 4585432    0    0     0     0 50460 130245 14  6 80  0  0
 2  0      0 19632064 318144 4585432    0    0     0     0 48753 113548 14  6 80  0  0
17  0      0 19628532 318152 4585432    0    0     0    68 49584 115564 15  6 79  0  0
 1  0      0 19631776 318152 4585432    0    0     0     0 48615 111392 14  6 80  0  0
 1  0      0 19631492 318152 4585432    0    0     0     0 48136 110062 15  6 79  0  0
 2  0      0 19633712 318164 4585432    0    0     4    44 50136 130274 14  7 79  0  0
procs -----------memory---------- ---swap-- -----io---- -system-- ------cpu-----
 r  b   swpd   free   buff  cache   si   so    bi    bo   in   cs us sy id wa st
 2  0      0 19633660 318164 4585432    0    0     0     0 48972 113934 14  6 80  0  0
 6  0      0 19634096 318164 4585432    0    0     0    48 50044 128345 16  8 76  0  0
 1  0      0 19631500 318164 4585432    0    0     0     0 49585 113503 15  7 79  0  0
 1  0      0 19631304 318164 4585432    0    0     0     0 49266 112237 14  6 80  0  0
 2  0      0 19628360 318164 4585432    0    0     0     0 50280 130572 14  7 79  0  0
 7  0      0 19628876 318172 4585436    0    0     0   220 50074 115217 15  7 77  0  0
 1  0      0 19629612 318172 4585436    0    0     0     0 49726 117765 14  6 80  0  0
 2  0      0 19630160 318172 4585440    0    0     0     0 49179 112356 15  7 78  0  0
 5  0      0 19627784 318172 4585440    0    0     0     0 49895 122281 15  8 77  0  0
 1  0      0 19624020 318172 4585456    0    0     0     0 50968 132989 14  7 78  0  0
 1  0      0 19623952 318180 4585456    0    0     0    96 49315 113580 14  6 80  0  0
 1  0      0 19625516 318180 4585460    0    0     0     0 49933 117120 15  7 77  0  0
 1  0      0 19624268 318180 4585460    0    0     0     0 49015 113393 15  6 79  0  0
 1  0      0 19625020 318180 4585460    0    0     0     0 48529 109624 14  6 80  0  0
 1  0      0 19617000 318180 4585460    0    0     0     0 50419 129573 14  7 79  0  0
21  0      0 19619400 318188 4585460    0    0     0    72 48934 111712 15  6 79  0  0
 4  0      0 19622696 318188 4585460    0    0     0    12 48970 116515 14  7 79  0  0
 1  0      0 19622176 318188 4585460    0    0     0     0 49905 125930 14  7 79  0  0
 1  0      0 19619812 318188 4585460    0    0     0     0 49072 113609 14  6 80  0  0
 1  0      0 19613520 318188 4585464    0    0     0     0 50010 130329 14  6 79  0  0
 6  0      0 19612456 318188 4585464    0    0     0     0 49216 114407 15  6 79  0  0
procs -----------memory---------- ---swap-- -----io---- -system-- ------cpu-----
 r  b   swpd   free   buff  cache   si   so    bi    bo   in   cs us sy id wa st
17  0      0 19617644 318196 4585464    0    0     0    88 49758 115150 14  6 79  0  0
 1  0      0 19615300 318196 4585464    0    0     0    12 49211 111934 15  6 78  0  0
 1  0      0 19617636 318196 4585464    0    0     0     0 48477 109164 15  6 79  0  0
 4  0      0 19606372 318196 4585464    0    0     0     0 50457 132251 15  7 78  0  0
 1  0      0 19606508 318196 4585464    0    0     0     0 49963 127091 15  7 78  0  0
 1  0      0 19608716 318204 4585460    0    0     0    28 49157 113937 14  6 80  0  0
13  0      0 19606860 318204 4585464    0    0     0     0 48806 111700 15  6 79  0  0
 1  0      0 19610148 318204 4585464    0    0     0     8 49321 114390 14  6 79  0  0
 2  0      0 19607060 318204 4585464    0    0     0     0 51230 133506 15  7 79  0  0
11  0      0 19605476 318204 4585464    0    0     0     8 49577 114388 15  7 79  0  0
 1  0      0 19608656 318204 4585464    0    0     0    12 48905 113178 15  6 79  0  0
 4  0      0 19605236 318212 4585464    0    0     0    16 49600 118311 15  8 77  0  0
 1  0      0 19605060 318212 4585464    0    0     0     8 48947 118177 15  7 78  0  0
 5  0      0 19597812 318212 4585464    0    0     0     0 50298 130572 15  7 78  0  0
 3  0      0 19596424 318212 4585464    0    0     0     0 49438 115227 15  7 79  0  0
14  0      0 19600488 318212 4585464    0    0     0     0 49502 115374 15  7 79  0  0
 1  0      0 19601236 318220 4585464    0    0     0    16 49336 112908 15  7 78  0  0
 1  0      0 19596772 318220 4585464    0    0     0     0 49259 112317 14  6 79  0  0
 1  0      0 19592460 318220 4585464    0    0     0     8 50788 129050 15  7 78  0  0
 2  0      0 19593228 318220 4585464    0    0     0     0 49462 116372 14  6 79  0  0
 1  0      0 19592596 318220 4585464    0    0     0     0 50132 128691 14  7 78  0  0
procs -----------memory---------- ---swap-- -----io---- -system-- ------cpu-----
 r  b   swpd   free   buff  cache   si   so    bi    bo   in   cs us sy id wa st
17  1      0 19595300 318228 4585456    0    0     0    16 48627 110828 14  6 80  0  0
 3  0      0 19595820 318228 4585464    0    0     0     4 48897 112373 14  6 80  0  0
 2  0      0 19588904 318228 4585464    0    0     0     0 50640 131044 14  7 79  0  0
 2  0      0 19588752 318228 4585464    0    0     0     8 49514 116567 14  6 79  0  0
 1  0      0 19589636 318228 4585464    0    0     0     4 49661 115323 15  6 79  0  0
 1  0      0 19592140 318228 4585464    0    0     0     0 49254 113243 14  6 80  0  0
 1  0      0 19592432 318236 4585464    0    0     0    32 49137 111361 15  6 79  0  0
10  1      0 19573940 318524 4585296    0    0     0  1680 53992 160541 16  7 76  0  0
19  0      0 19571216 320820 4585408    0    0     0 13000 53527 138494 15  7 74  4  0
 2  0      0 19577156 320820 4585548    0    0     0     0 49767 125886 15  6 79  0  0
 1  0      0 19582280 320820 4585564    0    0     0     0 50530 131733 15  7 79  0  0
 1  0      0 19585568 320820 4585564    0    0     0    32 48585 111217 14  6 80  0  0
 1  0      0 19579712 320820 4585564    0    0     0     0 50196 128032 15  7 79  0  0
 2  0      0 19582224 320820 4585564    0    0     0     0 48740 112793 14  6 79  0  0
16  0      0 19583600 320828 4585568    0    0     0    80 49029 114085 14  6 79  0  0
 2  0      0 19587456 320828 4585568    0    0     0   116 48616 111739 15  6 79  0  0
 1  0      0 19585180 320828 4585568    0    0     0     0 49626 124094 14  7 79  0  0
 1  0      0 19579012 320828 4585568    0    0     0     0 50308 129162 15  7 77  0  0
 2  0      0 19579800 320828 4585568    0    0     0     0 49143 114395 14  7 79  0  0
 1  0      0 19582648 320836 4585572    0    0     0    84 48766 113220 15  6 79  0  0
 1  0      0 19580592 320836 4585572    0    0     0     0 48577 111150 14  7 79  0  0
procs -----------memory---------- ---swap-- -----io---- -system-- ------cpu-----
 r  b   swpd   free   buff  cache   si   so    bi    bo   in   cs us sy id wa st
 2  0      0 19580548 320836 4585572    0    0     0     0 49009 111048 15  7 79  0  0
 1  0      0 19572604 320836 4585572    0    0     0     0 50544 128060 15  7 78  0  0
 9  0      0 19573072 320836 4585572    0    0     0     0 46921 100216 14  6 79  0  0
17  0      0 19576100 320836 4585572    0    0     0    40 48968 111688 15  6 79  0  0
 1  0      0 19577620 320844 4585572    0    0     0   120 48945 110940 15  7 79  0  0
10  0      0 19573864 320844 4585572    0    0     0     0 49043 117002 14  6 80  0  0
 1  0      0 19568036 320844 4585572    0    0     0     0 50577 135486 14  7 78  0  0
 2  0      0 19566424 320844 4585572    0    0     0     4 49385 116727 14  7 79  0  0
 1  0      0 19568664 320844 4585572    0    0     0     0 48949 113540 14  6 80  0  0
 2  0      0 19571372 320852 4585572    0    0     0    68 49460 112568 15  6 79  0  0
 3  0      0 19570580 320852 4585572    0    0     0     0 49221 113037 15  6 79  0  0
 2  0      0 19564732 320852 4585572    0    0     0     0 50142 128938 14  6 80  0  0
 1  0      0 19561080 320852 4585572    0    0     0     0 49099 113963 15  7 79  0  0
 1  0      0 19561496 320852 4585572    0    0     0     0 49576 114311 14  6 79  0  0
 4  0      0 19564188 320852 4585572    0    0     0    52 49574 123955 15  7 78  0  0
 2  0      0 19581896 320860 4585460    0    0     0    16 48507 111101 13  5 81  0  0
 1  0      0 19576268 320860 4585460    0    0     0     0 49767 127639 14  6 79  0  0
 2  0      0 19574968 320860 4585460    0    0     0     0 48302 113019 14  6 79  0  0
 1  0      0 19580596 320860 4585588    0    0     0     0 48477 112009 14  6 79  0  0
 1  0      0 19582580 320860 4585588    0    0     0     0 48539 111210 15  6 79  0  0
 1  0      0 19581492 320868 4585588    0    0     0    28 48791 109578 15  6 79  0  0
procs -----------memory---------- ---swap-- -----io---- -system-- ------cpu-----
 r  b   swpd   free   buff  cache   si   so    bi    bo   in   cs us sy id wa st
17  0      0 19571916 320876 4585580    0    0     0    56 50137 129121 14  7 79  0  0
17  0      0 19572000 320876 4585588    0    0     0     0 49213 115813 15  7 78  0  0
 1  0      0 19575960 320876 4585592    0    0     0     0 49153 112044 15  7 78  0  0
 1  0      0 19574264 320876 4585592    0    0     0     0 50013 126801 15  8 77  0  0
 1  0      0 19574816 320876 4585592    0    0     0     0 48774 110335 15  6 79  0  0
 2  0      0 19568060 320876 4585592    0    0     0    28 50289 128575 16  7 77  0  0
 2  0      0 19566736 320884 4585592    0    0     0    36 49103 116520 15  7 79  0  0
 1  0      0 19572796 320884 4585592    0    0     0     0 49392 113004 15  6 78  0  0
18  0      0 19571924 320884 4585592    0    0     0     0 48919 111914 14  7 79  0  0
 1  0      0 19570116 320884 4585592    0    0     0     0 48985 109959 15  7 79  0  0
 2  0      0 19560760 320884 4585596    0    0     0    12 50890 129283 15  7 78  0  0
22  0      0 19561444 320892 4585596    0    0     0    44 48890 117193 15  6 80  0  0
 1  0      0 19564324 320892 4585596    0    0     0     0 49166 121677 15  7 78  0  0
 1  0      0 19565468 320892 4585596    0    0     0     0 48731 110527 15  6 79  0  0
 1  0      0 19565192 320892 4585596    0    0     0     0 48319 109361 14  6 80  0  0
 7  0      0 19555460 320892 4585596    0    0     0     0 50011 127477 15  7 78  0  0
 3  0      0 19558076 320892 4585596    0    0     0    20 49050 116437 14  6 80  0  0
 1  0      0 19561848 320900 4585596    0    0     0    16 49579 111359 15  6 79  0  0
 2  0      0 19564348 320900 4585596    0    0     0     0 48781 111384 14  6 80  0  0
 1  0      0 19561940 320900 4585596    0    0     0     0 48729 108576 15  6 79  0  0
 1  0      0 19557648 320900 4585596    0    0     0     0 50374 129049 15  7 78  0  0
procs -----------memory---------- ---swap-- -----io---- -system-- ------cpu-----
 r  b   swpd   free   buff  cache   si   so    bi    bo   in   cs us sy id wa st
 2  0      0 19556644 320900 4585600    0    0     0     0 49705 130920 14  7 79  0  0
 7  0      0 19558936 320908 4585592    0    0     0    60 48310 108909 14  6 79  0  0
 2  0      0 19556896 320908 4585600    0    0     0     0 48288 108952 15  6 79  0  0
17  0      0 19557496 320908 4585600    0    0     0     0 48771 110143 14  6 79  0  0
16  1      0 19540552 321180 4585532    0    0     0  1628 52920 144124 16  6 77  0  0
 2  0      0 19533976 323484 4585756    0    0     0 12944 54239 147608 15  8 73  4  0
 1  0      0 19542708 323484 4585668    0    0     0     0 49208 118449 14  6 80  0  0
 1  0      0 19548976 323484 4585684    0    0     0    24 50729 133306 16  7 77  0  0
 1  0      0 19548856 323484 4585684    0    0     0     0 48796 110285 15  7 78  0  0
 4  0      0 19547204 323484 4585684    0    0     0     0 50678 133259 15  7 78  0  0
 2  0      0 19547232 323484 4585684    0    0     0     0 50538 131293 16  8 76  0  0
 1  0      0 19548380 323492 4585684    0    0     0    88 49393 111054 15  6 79  0  0
17  0      0 19548284 323492 4585684    0    0     0     0 49185 111235 14  6 79  0  0
 1  0      0 19547176 323492 4585684    0    0     0     0 49497 114628 15  6 79  0  0
16  0      0 19544128 323492 4585684    0    0     0     0 50611 131918 15  7 78  0  0
 1  0      0 19543500 323492 4585684    0    0     0     0 49729 117545 14  6 79  0  0
 1  0      0 19547864 323500 4585684    0    0     0    92 49657 115023 15  7 79  0  0
 6  0      0 19543652 323500 4585684    0    0     0     4 49725 127510 14  8 78  0  0
 1  0      0 19546784 323500 4585688    0    0     0     0 49594 116571 15  6 79  0  0
 2  0      0 19537380 323500 4585688    0    0     0     0 50550 130028 15  7 78  0  0
 2  0      0 19538788 323500 4585688    0    0     0     0 49752 117520 15  7 79  0  0
procs -----------memory---------- ---swap-- -----io---- -system-- ------cpu-----
 r  b   swpd   free   buff  cache   si   so    bi    bo   in   cs us sy id wa st
 1  1      0 19541948 323508 4585684    0    0     0    60 50300 115930 14  6 80  0  0
 1  0      0 19543696 323508 4585688    0    0     0    28 49259 113074 15  6 79  0  0
 2  0      0 19542580 323508 4585688    0    0     0     0 49279 113024 14  6 80  0  0
 6  0      0 19534100 323508 4585688    0    0     0     0 51028 137595 15  7 78  0  0
 1  0      0 19534092 323508 4585688    0    0     0     0 50279 127922 15  7 78  0  0
 1  0      0 19535112 323508 4585688    0    0     0     4 48934 112116 13  6 81  0  0
 1  0      0 19535500 323516 4585688    0    0     0    68 49524 113096 14  6 79  0  0
 1  0      0 19538448 323516 4585688    0    0     0     0 48995 112658 14  6 80  0  0
11  0      0 19529788 323516 4585688    0    0     0     0 50458 129266 15  6 79  0  0
 2  0      0 19527984 323516 4585688    0    0     0     0 50190 119869 15  6 79  0  0
16  0      0 19531132 323516 4585688    0    0     0     0 49210 111169 14  6 80  0  0
 1  0      0 19529368 323524 4585692    0    0     0    72 49996 126071 15  7 78  0  0
 3  0      0 19531216 323524 4585692    0    0     0     0 49915 112206 15  6 79  0  0
 2  0      0 19522488 323524 4585692    0    0     0     0 51091 131583 15  7 77  0  0
 1  0      0 19522132 323524 4585692    0    0     0     0 50585 121658 15  7 77  0  0
 1  0      0 19526868 323524 4585692    0    0     0     0 49472 113055 15  6 79  0  0
 1  0      0 19526888 323524 4585692    0    0     0     0 49767 112952 15  7 78  0  0
 7  0      0 19527764 323532 4585692    0    0     0    36 49443 113061 15  7 78  0  0
 1  0      0 19522740 323532 4585692    0    0     0     0 51204 141982 15  8 77  0  0
 2  0      0 19519888 323532 4585692    0    0     0     0 50738 126174 14  7 79  0  0
 1  0      0 19519912 323532 4585692    0    0     0     0 49835 113306 15  7 78  0  0
procs -----------memory---------- ---swap-- -----io---- -system-- ------cpu-----
 r  b   swpd   free   buff  cache   si   so    bi    bo   in   cs us sy id wa st
 1  0      0 19401160 323532 4585692    0    0     0     0 47511 111014 14  6 80  0  0
 2  0      0 19407132 323548 4585696    0    0     0    72 49322 114984 14  6 80  0  0
 3  0      0 19411980 323548 4585696    0    0     0    12 50257 124935 14  7 80  0  0
 6  0      0 19425332 323548 4585696    0    0     0     0 50770 125720 15  7 78  0  0
 1  0      0 19436816 323548 4585696    0    0     0     0 50313 128035 15  8 77  0  0
17  0      0 19517080 323548 4585696    0    0     0     0 49355 113173 14  6 80  0  0
 5  0      0 19516380 323548 4585696    0    0     0     0 49101 111080 15  6 79  0  0
16  0      0 19510348 323556 4585700    0    0     0   136 51218 127424 15  7 78  0  0
16  0      0 19509280 323556 4585700    0    0     0     8 51162 127427 15  7 78  0  0
 1  0      0 19512932 323556 4585700    0    0     0     0 49279 112028 15  6 79  0  0
 1  0      0 19512592 323556 4585700    0    0     0     0 49438 112485 14  6 79  0  0
 1  0      0 19511572 323556 4585700    0    0     0     0 49976 125076 14  7 79  0  0
 1  0      0 19462456 323564 4585696    0    0     0    16 48539 121976 14  6 80  0  0
 1  0      0 19466180 323564 4585704    0    0     0    12 50676 123952 15  6 79  0  0
 7  0      0 19472992 323564 4585704    0    0     0     0 48847 110815 14  7 79  0  0
 1  0      0 19476156 323564 4585704    0    0     0     0 49186 111048 15  7 78  0  0
 1  0      0 19505676 323564 4585704    0    0     0     0 48901 110643 14  6 80  0  0
 1  0      0 19498748 323564 4585704    0    0     0     0 50311 126285 14  6 79  0  0
 1  0      0 19499752 323572 4585704    0    0     0    32 50349 124166 14  6 80  0  0
 7  0      0 19500752 323572 4585704    0    0     0    12 50726 127639 16  8 77  0  0
 1  0      0 19503220 323572 4585704    0    0     0     0 49527 113848 15  7 78  0  0
procs -----------memory---------- ---swap-- -----io---- -system-- ------cpu-----
 r  b   swpd   free   buff  cache   si   so    bi    bo   in   cs us sy id wa st
 1  0      0 19501852 323572 4585704    0    0     0     0 49534 112113 15  7 78  0  0
 1  1      0 19487796 323796 4585680    0    0     0  1364 51147 128191 16  7 77  0  0
 9  0      0 19486268 326148 4585668    0    0     0 13320 56770 165557 16  7 73  4  0
 1  0      0 19492824 326148 4585764    0    0     0     0 49540 115176 15  7 78  0  0
 1  0      0 19492292 326156 4585780    0    0     0    92 51473 134729 15  7 78  0  0
 2  0      0 19492872 326156 4585780    0    0     0     0 49293 111541 14  6 80  0  0
 1  0      0 19493408 326156 4585780    0    0     0     0 51643 143315 16  8 76  0  0
 6  0      0 19494372 326156 4585780    0    0     0    84 50782 125690 15  7 78  0  0
 8  0      0 19498952 326156 4585780    0    0     0     0 49008 111616 15  6 79  0  0
16  0      0 19499584 326164 4585780    0    0     0    16 49241 112790 14  6 80  0  0
 1  0      0 19497312 326164 4586292    0    0     0     0 49252 112906 14  6 80  0  0
 1  0      0 19493472 326164 4586036    0    0     0     0 50406 124233 14  7 79  0  0
 1  0      0 19491340 326164 4586036    0    0     0     0 50471 126458 14  7 79  0  0
 2  0      0 19492864 326164 4586768    0    0     0     0 46998 106387 14  6 80  0  0
 0  2      0 19477384 326168 4597484    0    0     0  4220 21610 37437  7  0 93  0  0
 1  0      0 19460268 326172 4608392    0    0     0     4 21190 37028  7  0 93  0  0
 1  0      0 19564844 326172 4615740    0    0     0     0 21978 47372  7  1 93  0  0
 1  0      0 19565464 326172 4616060    0    0     0     0 21638 49451  7  0 93  0  0
 1  0      0 19575184 326172 4616060    0    0     0     0 20741 37849  7  0 93  0  0
 3  0      0 19572508 326172 4616060    0    0     0     0 20840 37827  7  0 93  0  0
 1  0      0 19559096 326180 4616060    0    0     0    64 20906 37996  7  0 93  0  0
procs -----------memory---------- ---swap-- -----io---- -system-- ------cpu-----
 r  b   swpd   free   buff  cache   si   so    bi    bo   in   cs us sy id wa st
 1  0      0 19573108 326180 4616060    0    0     0     0 21383 47032  7  0 93  0  0
 1  0      0 19564900 326180 4616060    0    0     0     0 21295 42241  7  0 93  0  0
 1  0      0 19562528 326180 4616060    0    0     0     4 20939 37812  7  0 93  0  0
 1  0      0 19550012 326180 4616064    0    0     0  8200 20877 37842  7  0 93  0  0
 1  0      0 19543152 326188 4616064    0    0     0    64 20790 37809  7  0 93  0  0
 1  0      0 19543316 326188 4616064    0    0     0     0 20803 37877  7  0 93  0  0
 1  0      0 19532812 326188 4616064    0    0     0     0 20650 37941  7  0 93  0  0
 1  0      0 19525172 326188 4616064    0    0     0     0 20689 37824  7  0 93  0  0
 1  0      0 19524916 326188 4616068    0    0     0 16880 20783 37722  7  0 93  0  0
 2  0      0 19517468 326188 4616068    0    0     0     0 20689 37790  7  0 93  0  0
 1  0      0 19509568 326196 4616068    0    0     0    88 20776 37782  7  0 93  0  0
 1  0      0 19501792 326196 4616068    0    0     0     0 20850 37907  7  0 93  0  0
 1  0      0 19503816 326196 4616068    0    0     0     0 33097 75993 10  3 87  0  0
 1  0      0 19510680 326196 4616068    0    0     0     0 50469 125772 15  7 78  0  0
 1  0      0 19508852 326196 4616068    0    0     0     0 49961 117724 15  7 78  0  0
 1  0      0 19510028 326204 4616060    0    0     0    16 49339 111553 14  6 79  0  0
 4  0      0 19509620 326204 4616068    0    0     0     0 49543 117917 14  7 79  0  0
 1  0      0 19508276 326220 4616060    0    0     0    96 50254 125320 14  7 79  0  0
 1  0      0 19504160 326220 4616072    0    0     0     0 50595 126901 14  6 80  0  0
 1  0      0 19503568 326220 4616072    0    0     0     0 50408 118690 16  7 77  0  0
 1  0      0 19502172 326220 4616072    0    0     0    44 49695 113544 14  6 80  0  0
procs -----------memory---------- ---swap-- -----io---- -system-- ------cpu-----
 r  b   swpd   free   buff  cache   si   so    bi    bo   in   cs us sy id wa st
 1  0      0 19501840 326220 4616072    0    0     0     0 50161 115290 16  6 78  0  0
 1  0      0 19501080 326220 4616072    0    0     0     0 49562 112871 15  6 79  0  0
 8  0      0 19496280 326228 4616072    0    0     0    16 50926 138452 15  7 77  0  0
11  0      0 19497828 326228 4616072    0    0     0    16 50119 120930 15  7 79  0  0
 2  0      0 19498880 326228 4616072    0    0     0     0 49763 114645 15  7 79  0  0
 0  0      0 23605688 326228 4597588    0    0     0     0 21566 29010  3  5 91  0  0
 0  0      0 23605368 326228 4597588    0    0     0     0 2174 3388  0  0 99  0  0
